[05-Nov-2019 16:45:47 UTC] デバッグ:「「「「「「「「「「「「「「「「「「「「「「「「「「「「「「「「「「「「「「「「
[05-Nov-2019 16:45:47 UTC] デバッグ:「　トップページ　
[05-Nov-2019 16:45:47 UTC] デバッグ:「「「「「「「「「「「「「「「「「「「「「「「「「「「「「「「「「「「「「「「「
[05-Nov-2019 16:45:47 UTC] デバッグ:>>>>>>>>>>>>>>>>>>>>>>>>>>>>>>>>>>>>>>>>>>>>>>>> 画面表示処理開始
[05-Nov-2019 16:45:47 UTC] デバッグ:セッションID：1jcmnomlcnmfi3mp3kvr8em89v
[05-Nov-2019 16:45:47 UTC] デバッグ:セッション変数の中身：Array
(
    [login_date] => 1572972318
    [login_limit] => 2592000
    [user_id] => 7
    [msg_success] => 
)

[05-Nov-2019 16:45:47 UTC] デバッグ:現在日時タイムスタンプ：1572972347
[05-Nov-2019 16:45:47 UTC] デバッグ:ログイン期限日時タイムスタンプ：1575564318
[05-Nov-2019 16:45:47 UTC] デバッグ:ログイン済みユーザーです。
[05-Nov-2019 16:45:47 UTC] デバッグ:ログイン有効期限以内です。
[05-Nov-2019 16:45:47 UTC] デバッグ:検索ワードに一致するデータを取得します。
[05-Nov-2019 16:45:47 UTC] デバッグ:クエリ大失敗！！
[05-Nov-2019 16:45:47 UTC] デバッグ:失敗したSQL:PDOStatement Object
(
    [queryString] => SELECT * FROM reviews WHERE (title LIKE '%%' OR body LIKE '%%')  AND category_id = カテゴリで絞り込む
)

[05-Nov-2019 16:45:47 UTC] デバッグ:SQLエラーArray
(
    [0] => 42S22
    [1] => 1054
    [2] => Unknown column 'カテゴリで絞り込む' in 'where clause'
)

[05-Nov-2019 16:45:47 UTC] デバッグ:検索でのクエリ結果情報です!!：0
[05-Nov-2019 16:45:47 UTC] PHP Fatal error:  Uncaught Error: Call to a member function rowCount() on integer in /Applications/MAMP/htdocs/switchreviews/function.php:394
Stack trace:
#0 /Applications/MAMP/htdocs/switchreviews/searchreviews.php(30): searchReviews('')
#1 {main}
  thrown in /Applications/MAMP/htdocs/switchreviews/function.php on line 394
[05-Nov-2019 16:49:27 UTC] デバッグ:「「「「「「「「「「「「「「「「「「「「「「「「「「「「「「「「「「「「「「「「
[05-Nov-2019 16:49:27 UTC] デバッグ:「　トップページ　
[05-Nov-2019 16:49:27 UTC] デバッグ:「「「「「「「「「「「「「「「「「「「「「「「「「「「「「「「「「「「「「「「「
[05-Nov-2019 16:49:27 UTC] デバッグ:>>>>>>>>>>>>>>>>>>>>>>>>>>>>>>>>>>>>>>>>>>>>>>>> 画面表示処理開始
[05-Nov-2019 16:49:27 UTC] デバッグ:セッションID：adaf7mm49fn3plpcqvt5uk67qr
[05-Nov-2019 16:49:27 UTC] デバッグ:セッション変数の中身：Array
(
    [login_date] => 1572972347
    [login_limit] => 2592000
    [user_id] => 7
    [msg_success] => 
)

[05-Nov-2019 16:49:27 UTC] デバッグ:現在日時タイムスタンプ：1572972567
[05-Nov-2019 16:49:27 UTC] デバッグ:ログイン期限日時タイムスタンプ：1575564347
[05-Nov-2019 16:49:27 UTC] デバッグ:ログイン済みユーザーです。
[05-Nov-2019 16:49:27 UTC] デバッグ:ログイン有効期限以内です。
[05-Nov-2019 16:49:27 UTC] デバッグ:レビュー情報一覧を取得します
[05-Nov-2019 16:49:27 UTC] デバッグ:クエリ成功
[05-Nov-2019 16:49:27 UTC] デバッグ:SQL文章:SELECT * FROM reviews ORDER BY id desc LIMIT 20 OFFSET 0
[05-Nov-2019 16:49:27 UTC] デバッグ:クエリ成功
[05-Nov-2019 16:49:27 UTC] デバッグ:$resultの中身Array
(
    [total] => 40
    [total_page] => 2
    [data] => Array
        (
            [0] => Array
                (
                    [id] => 44
                    [title] => 楽しみなゲーム/into the breach
                    [category_id] => 9
                    [body] => テスト投稿。
                    [abouturl] => 
                    [pic] => uploads/90b78c06788797e9990fb297234ad1a3be363d1c.png
                    [user_id] => 7
                    [delete_flg] => 0
                    [create_date] => 2019-10-31 16:55:07
                    [update_date] => 2019-11-01 01:55:07
                )

            [1] => Array
                (
                    [id] => 43
                    [title] => テストその２
                    [category_id] => 0
                    [body] => テストその２
                    [abouturl] => 
                    [pic] => uploads/d4e5227caf3544783abaf66518a1a8ddc051c0fa.png
                    [user_id] => 7
                    [delete_flg] => 0
                    [create_date] => 2019-04-07 04:01:42
                    [update_date] => 2019-04-07 13:01:42
                )

            [2] => Array
                (
                    [id] => 42
                    [title] => テストアクションゲーム
                    [category_id] => 1
                    [body] => アクションゲームですよね。
アクションゲームですよね。
骨太アクションゲームです。
ムズかしいです。
                    [abouturl] => 
                    [pic] => 
                    [user_id] => 7
                    [delete_flg] => 0
                    [create_date] => 2019-04-07 03:51:01
                    [update_date] => 2019-04-07 12:51:01
                )

            [3] => Array
                (
                    [id] => 41
                    [title] => 寿司ストライカーで指トレ
                    [category_id] => 2
                    [body] => 寿司を食いまくります。連打、操作しまくるパズルアクション。
                    [abouturl] => 
                    [pic] => uploads/806219e4a1adfe1be9d2e466ab684b5f0aebefe4.jpeg
                    [user_id] => 7
                    [delete_flg] => 0
                    [create_date] => 2019-03-03 14:44:48
                    [update_date] => 2019-03-03 23:44:49
                )

            [4] => Array
                (
                    [id] => 40
                    [title] => スネークパスやってみてえ
                    [category_id] => 2
                    [body] => 蛇を操作するアクションゲーム。操作感覚が独特で、蛇っぽい感じになるらしい。
                    [abouturl] => https://kentworld-blog.com/archives/snakepass-review.html
                    [pic] => uploads/8dc81226abec4b9d138e99619ad3f4a2f1d35676.png
                    [user_id] => 4
                    [delete_flg] => 0
                    [create_date] => 2019-02-11 14:12:17
                    [update_date] => 2019-02-11 23:26:13
                )

            [5] => Array
                (
                    [id] => 39
                    [title] => スネークパスやってみてえ
                    [category_id] => 2
                    [body] => 蛇を操作するアクションゲーム。操作感覚が独特で、蛇っぽい感じになるらしい。
                    [abouturl] => https://kentworld-blog.com/archives/snakepass-review.html
                    [pic] => uploads/8dc81226abec4b9d138e99619ad3f4a2f1d35676.png
                    [user_id] => 4
                    [delete_flg] => 0
                    [create_date] => 2019-02-11 14:12:17
                    [update_date] => 2019-02-11 23:26:13
                )

            [6] => Array
                (
                    [id] => 38
                    [title] => スネークパスやってみてえ
                    [category_id] => 2
                    [body] => 蛇を操作するアクションゲーム。操作感覚が独特で、蛇っぽい感じになるらしい。
                    [abouturl] => https://kentworld-blog.com/archives/snakepass-review.html
                    [pic] => uploads/8dc81226abec4b9d138e99619ad3f4a2f1d35676.png
                    [user_id] => 4
                    [delete_flg] => 0
                    [create_date] => 2019-02-11 14:12:17
                    [update_date] => 2019-02-11 23:26:13
                )

            [7] => Array
                (
                    [id] => 37
                    [title] => スネークパスやってみてえ
                    [category_id] => 2
                    [body] => 蛇を操作するアクションゲーム。操作感覚が独特で、蛇っぽい感じになるらしい。
                    [abouturl] => https://kentworld-blog.com/archives/snakepass-review.html
                    [pic] => uploads/8dc81226abec4b9d138e99619ad3f4a2f1d35676.png
                    [user_id] => 4
                    [delete_flg] => 0
                    [create_date] => 2019-02-11 14:12:17
                    [update_date] => 2019-02-11 23:26:13
                )

            [8] => Array
                (
                    [id] => 36
                    [title] => スネークパスやってみてえ
                    [category_id] => 2
                    [body] => 蛇を操作するアクションゲーム。操作感覚が独特で、蛇っぽい感じになるらしい。
                    [abouturl] => https://kentworld-blog.com/archives/snakepass-review.html
                    [pic] => uploads/8dc81226abec4b9d138e99619ad3f4a2f1d35676.png
                    [user_id] => 4
                    [delete_flg] => 0
                    [create_date] => 2019-02-11 14:12:17
                    [update_date] => 2019-02-11 23:26:13
                )

            [9] => Array
                (
                    [id] => 35
                    [title] => スネークパスやってみてえ
                    [category_id] => 2
                    [body] => 蛇を操作するアクションゲーム。操作感覚が独特で、蛇っぽい感じになるらしい。
                    [abouturl] => https://kentworld-blog.com/archives/snakepass-review.html
                    [pic] => uploads/8dc81226abec4b9d138e99619ad3f4a2f1d35676.png
                    [user_id] => 4
                    [delete_flg] => 0
                    [create_date] => 2019-02-11 14:12:17
                    [update_date] => 2019-02-11 23:26:13
                )

            [10] => Array
                (
                    [id] => 34
                    [title] => テストです。
                    [category_id] => 2
                    [body] => ゆるゆるとしたアクション。
                    [abouturl] => 
                    [pic] => 
                    [user_id] => 7
                    [delete_flg] => 0
                    [create_date] => 2019-02-25 04:36:59
                    [update_date] => 2019-02-25 13:36:59
                )

            [11] => Array
                (
                    [id] => 33
                    [title] => レイジングループはめっちゃ時間盗みます
                    [category_id] => 10
                    [body] => 人狼ゲームが風習として残る村の物語を綴るアドベンチャーゲーム。ほぼ一本道、また絵柄が少し独特ですが、ストーリーがとにかく読ませます。活字中毒者にオススメ。
                    [abouturl] => https://jp.ign.com/raging-loop/21306/feature/adv7
                    [pic] => uploads/23216c213be02f1de31f1c827eabff1e9761bdf8.png
                    [user_id] => 4
                    [delete_flg] => 0
                    [create_date] => 2019-02-11 14:07:17
                    [update_date] => 2019-02-11 23:26:04
                )

            [12] => Array
                (
                    [id] => 32
                    [title] => レイジングループはめっちゃ時間盗みます
                    [category_id] => 10
                    [body] => 人狼ゲームが風習として残る村の物語を綴るアドベンチャーゲーム。ほぼ一本道、また絵柄が少し独特ですが、ストーリーがとにかく読ませます。活字中毒者にオススメ。
                    [abouturl] => https://jp.ign.com/raging-loop/21306/feature/adv7
                    [pic] => uploads/23216c213be02f1de31f1c827eabff1e9761bdf8.png
                    [user_id] => 4
                    [delete_flg] => 0
                    [create_date] => 2019-02-11 14:07:17
                    [update_date] => 2019-02-11 23:26:04
                )

            [13] => Array
                (
                    [id] => 31
                    [title] => レイジングループはめっちゃ時間盗みます
                    [category_id] => 10
                    [body] => 人狼ゲームが風習として残る村の物語を綴るアドベンチャーゲーム。ほぼ一本道、また絵柄が少し独特ですが、ストーリーがとにかく読ませます。活字中毒者にオススメ。
                    [abouturl] => https://jp.ign.com/raging-loop/21306/feature/adv7
                    [pic] => uploads/23216c213be02f1de31f1c827eabff1e9761bdf8.png
                    [user_id] => 4
                    [delete_flg] => 0
                    [create_date] => 2019-02-11 14:07:17
                    [update_date] => 2019-02-11 23:26:04
                )

            [14] => Array
                (
                    [id] => 30
                    [title] => レイジングループはめっちゃ時間盗みます
                    [category_id] => 10
                    [body] => 人狼ゲームが風習として残る村の物語を綴るアドベンチャーゲーム。ほぼ一本道、また絵柄が少し独特ですが、ストーリーがとにかく読ませます。活字中毒者にオススメ。
                    [abouturl] => https://jp.ign.com/raging-loop/21306/feature/adv7
                    [pic] => uploads/23216c213be02f1de31f1c827eabff1e9761bdf8.png
                    [user_id] => 4
                    [delete_flg] => 0
                    [create_date] => 2019-02-11 14:07:17
                    [update_date] => 2019-02-11 23:26:04
                )

            [15] => Array
                (
                    [id] => 29
                    [title] => レイジングループはめっちゃ時間盗みます
                    [category_id] => 10
                    [body] => 人狼ゲームが風習として残る村の物語を綴るアドベンチャーゲーム。ほぼ一本道、また絵柄が少し独特ですが、ストーリーがとにかく読ませます。活字中毒者にオススメ。
                    [abouturl] => https://jp.ign.com/raging-loop/21306/feature/adv7
                    [pic] => uploads/23216c213be02f1de31f1c827eabff1e9761bdf8.png
                    [user_id] => 4
                    [delete_flg] => 0
                    [create_date] => 2019-02-11 14:07:17
                    [update_date] => 2019-02-11 23:26:04
                )

            [16] => Array
                (
                    [id] => 28
                    [title] => レイジングループはめっちゃ時間盗みます
                    [category_id] => 10
                    [body] => 人狼ゲームが風習として残る村の物語を綴るアドベンチャーゲーム。ほぼ一本道、また絵柄が少し独特ですが、ストーリーがとにかく読ませます。活字中毒者にオススメ。
                    [abouturl] => https://jp.ign.com/raging-loop/21306/feature/adv7
                    [pic] => uploads/23216c213be02f1de31f1c827eabff1e9761bdf8.png
                    [user_id] => 4
                    [delete_flg] => 0
                    [create_date] => 2019-02-11 14:07:17
                    [update_date] => 2019-02-11 23:26:04
                )

            [17] => Array
                (
                    [id] => 27
                    [title] => レイジングループはめっちゃ時間盗みます
                    [category_id] => 10
                    [body] => 人狼ゲームが風習として残る村の物語を綴るアドベンチャーゲーム。ほぼ一本道、また絵柄が少し独特ですが、ストーリーがとにかく読ませます。活字中毒者にオススメ。
                    [abouturl] => https://jp.ign.com/raging-loop/21306/feature/adv7
                    [pic] => uploads/23216c213be02f1de31f1c827eabff1e9761bdf8.png
                    [user_id] => 4
                    [delete_flg] => 0
                    [create_date] => 2019-02-11 14:07:17
                    [update_date] => 2019-02-11 23:26:04
                )

            [18] => Array
                (
                    [id] => 26
                    [title] => レイジングループはめっちゃ時間盗みます
                    [category_id] => 10
                    [body] => 人狼ゲームが風習として残る村の物語を綴るアドベンチャーゲーム。ほぼ一本道、また絵柄が少し独特ですが、ストーリーがとにかく読ませます。活字中毒者にオススメ。
                    [abouturl] => https://jp.ign.com/raging-loop/21306/feature/adv7
                    [pic] => uploads/23216c213be02f1de31f1c827eabff1e9761bdf8.png
                    [user_id] => 4
                    [delete_flg] => 0
                    [create_date] => 2019-02-11 14:07:17
                    [update_date] => 2019-02-11 23:26:04
                )

            [19] => Array
                (
                    [id] => 25
                    [title] => レイジングループはめっちゃ時間盗みます
                    [category_id] => 10
                    [body] => 人狼ゲームが風習として残る村の物語を綴るアドベンチャーゲーム。ほぼ一本道、また絵柄が少し独特ですが、ストーリーがとにかく読ませます。活字中毒者にオススメ。
                    [abouturl] => https://jp.ign.com/raging-loop/21306/feature/adv7
                    [pic] => uploads/23216c213be02f1de31f1c827eabff1e9761bdf8.png
                    [user_id] => 4
                    [delete_flg] => 0
                    [create_date] => 2019-02-11 14:07:17
                    [update_date] => 2019-02-11 23:26:04
                )

        )

)

[05-Nov-2019 16:49:27 UTC] デバッグ:カテゴリー情報を取得します
[05-Nov-2019 16:49:27 UTC] デバッグ:クエリ成功
[05-Nov-2019 16:49:27 UTC] デバッグ:画面表示処理終了 <<<<<<<<<<<<<<<<<<<<<<<<<<<<<<<<<<<<<<<<<<<<<<<<
[05-Nov-2019 16:49:33 UTC] デバッグ:「「「「「「「「「「「「「「「「「「「「「「「「「「「「「「「「「「「「「「「「
[05-Nov-2019 16:49:33 UTC] デバッグ:「　トップページ　
[05-Nov-2019 16:49:33 UTC] デバッグ:「「「「「「「「「「「「「「「「「「「「「「「「「「「「「「「「「「「「「「「「
[05-Nov-2019 16:49:33 UTC] デバッグ:>>>>>>>>>>>>>>>>>>>>>>>>>>>>>>>>>>>>>>>>>>>>>>>> 画面表示処理開始
[05-Nov-2019 16:49:33 UTC] デバッグ:セッションID：jj8rb6viac2aj267gc3pce4l0f
[05-Nov-2019 16:49:33 UTC] デバッグ:セッション変数の中身：Array
(
    [login_date] => 1572972567
    [login_limit] => 2592000
    [user_id] => 7
    [msg_success] => 
)

[05-Nov-2019 16:49:33 UTC] デバッグ:現在日時タイムスタンプ：1572972573
[05-Nov-2019 16:49:33 UTC] デバッグ:ログイン期限日時タイムスタンプ：1575564567
[05-Nov-2019 16:49:33 UTC] デバッグ:ログイン済みユーザーです。
[05-Nov-2019 16:49:33 UTC] デバッグ:ログイン有効期限以内です。
[05-Nov-2019 16:49:33 UTC] デバッグ:検索ワードに一致するデータを取得します。
[05-Nov-2019 16:49:33 UTC] デバッグ:クエリ成功
[05-Nov-2019 16:49:33 UTC] デバッグ:検索でのクエリ結果情報です!!：PDOStatement Object
(
    [queryString] => SELECT * FROM reviews WHERE (title LIKE '%%' OR body LIKE '%%')  AND category_id = 2
)

[05-Nov-2019 16:49:33 UTC] デバッグ:カテゴリー情報を取得します
[05-Nov-2019 16:49:33 UTC] デバッグ:クエリ成功
[05-Nov-2019 16:49:33 UTC] デバッグ:画面表示処理終了 <<<<<<<<<<<<<<<<<<<<<<<<<<<<<<<<<<<<<<<<<<<<<<<<
[05-Nov-2019 16:50:06 UTC] デバッグ:「「「「「「「「「「「「「「「「「「「「「「「「「「「「「「「「「「「「「「「「
[05-Nov-2019 16:50:06 UTC] デバッグ:「　トップページ　
[05-Nov-2019 16:50:06 UTC] デバッグ:「「「「「「「「「「「「「「「「「「「「「「「「「「「「「「「「「「「「「「「「
[05-Nov-2019 16:50:06 UTC] デバッグ:>>>>>>>>>>>>>>>>>>>>>>>>>>>>>>>>>>>>>>>>>>>>>>>> 画面表示処理開始
[05-Nov-2019 16:50:06 UTC] デバッグ:セッションID：06a9abpnqp1nbn4kougds1f1gh
[05-Nov-2019 16:50:06 UTC] デバッグ:セッション変数の中身：Array
(
    [login_date] => 1572972573
    [login_limit] => 2592000
    [user_id] => 7
    [msg_success] => 
)

[05-Nov-2019 16:50:06 UTC] デバッグ:現在日時タイムスタンプ：1572972606
[05-Nov-2019 16:50:06 UTC] デバッグ:ログイン期限日時タイムスタンプ：1575564573
[05-Nov-2019 16:50:06 UTC] デバッグ:ログイン済みユーザーです。
[05-Nov-2019 16:50:06 UTC] デバッグ:ログイン有効期限以内です。
[05-Nov-2019 16:50:06 UTC] デバッグ:検索ワードに一致するデータを取得します。
[05-Nov-2019 16:50:06 UTC] デバッグ:クエリ成功
[05-Nov-2019 16:50:06 UTC] デバッグ:検索でのクエリ結果情報です!!：PDOStatement Object
(
    [queryString] => SELECT * FROM reviews WHERE (title LIKE '%%' OR body LIKE '%%')  AND category_id = 8
)

[05-Nov-2019 16:50:06 UTC] デバッグ:カテゴリー情報を取得します
[05-Nov-2019 16:50:06 UTC] デバッグ:クエリ成功
[05-Nov-2019 16:50:06 UTC] デバッグ:画面表示処理終了 <<<<<<<<<<<<<<<<<<<<<<<<<<<<<<<<<<<<<<<<<<<<<<<<
[05-Nov-2019 16:50:10 UTC] デバッグ:「「「「「「「「「「「「「「「「「「「「「「「「「「「「「「「「「「「「「「「「
[05-Nov-2019 16:50:10 UTC] デバッグ:「　トップページ　
[05-Nov-2019 16:50:10 UTC] デバッグ:「「「「「「「「「「「「「「「「「「「「「「「「「「「「「「「「「「「「「「「「
[05-Nov-2019 16:50:10 UTC] デバッグ:>>>>>>>>>>>>>>>>>>>>>>>>>>>>>>>>>>>>>>>>>>>>>>>> 画面表示処理開始
[05-Nov-2019 16:50:10 UTC] デバッグ:セッションID：392kuung17e070l4d5ssv6sn3t
[05-Nov-2019 16:50:10 UTC] デバッグ:セッション変数の中身：Array
(
    [login_date] => 1572972606
    [login_limit] => 2592000
    [user_id] => 7
    [msg_success] => 
)

[05-Nov-2019 16:50:10 UTC] デバッグ:現在日時タイムスタンプ：1572972610
[05-Nov-2019 16:50:10 UTC] デバッグ:ログイン期限日時タイムスタンプ：1575564606
[05-Nov-2019 16:50:10 UTC] デバッグ:ログイン済みユーザーです。
[05-Nov-2019 16:50:10 UTC] デバッグ:ログイン有効期限以内です。
[05-Nov-2019 16:50:10 UTC] デバッグ:検索ワードに一致するデータを取得します。
[05-Nov-2019 16:50:10 UTC] デバッグ:クエリ大失敗！！
[05-Nov-2019 16:50:10 UTC] デバッグ:失敗したSQL:PDOStatement Object
(
    [queryString] => SELECT * FROM reviews WHERE (title LIKE '%%' OR body LIKE '%%')  AND category_id = カテゴリで絞り込む
)

[05-Nov-2019 16:50:10 UTC] デバッグ:SQLエラーArray
(
    [0] => 42S22
    [1] => 1054
    [2] => Unknown column 'カテゴリで絞り込む' in 'where clause'
)

[05-Nov-2019 16:50:10 UTC] デバッグ:検索でのクエリ結果情報です!!：0
[05-Nov-2019 16:50:10 UTC] PHP Fatal error:  Uncaught Error: Call to a member function rowCount() on integer in /Applications/MAMP/htdocs/switchreviews/function.php:394
Stack trace:
#0 /Applications/MAMP/htdocs/switchreviews/searchreviews.php(30): searchReviews('')
#1 {main}
  thrown in /Applications/MAMP/htdocs/switchreviews/function.php on line 394
[05-Nov-2019 16:51:21 UTC] デバッグ:「「「「「「「「「「「「「「「「「「「「「「「「「「「「「「「「「「「「「「「「
[05-Nov-2019 16:51:21 UTC] デバッグ:「　トップページ　
[05-Nov-2019 16:51:21 UTC] デバッグ:「「「「「「「「「「「「「「「「「「「「「「「「「「「「「「「「「「「「「「「「
[05-Nov-2019 16:51:21 UTC] デバッグ:>>>>>>>>>>>>>>>>>>>>>>>>>>>>>>>>>>>>>>>>>>>>>>>> 画面表示処理開始
[05-Nov-2019 16:51:21 UTC] デバッグ:セッションID：798btshen9go61ecrv24qd70tk
[05-Nov-2019 16:51:21 UTC] デバッグ:セッション変数の中身：Array
(
    [login_date] => 1572972610
    [login_limit] => 2592000
    [user_id] => 7
    [msg_success] => 
)

[05-Nov-2019 16:51:21 UTC] デバッグ:現在日時タイムスタンプ：1572972681
[05-Nov-2019 16:51:21 UTC] デバッグ:ログイン期限日時タイムスタンプ：1575564610
[05-Nov-2019 16:51:21 UTC] デバッグ:ログイン済みユーザーです。
[05-Nov-2019 16:51:21 UTC] デバッグ:ログイン有効期限以内です。
[05-Nov-2019 16:51:21 UTC] デバッグ:レビュー情報一覧を取得します
[05-Nov-2019 16:51:21 UTC] デバッグ:クエリ成功
[05-Nov-2019 16:51:21 UTC] デバッグ:SQL文章:SELECT * FROM reviews ORDER BY id desc LIMIT 20 OFFSET 0
[05-Nov-2019 16:51:21 UTC] デバッグ:クエリ成功
[05-Nov-2019 16:51:21 UTC] デバッグ:$resultの中身Array
(
    [total] => 40
    [total_page] => 2
    [data] => Array
        (
            [0] => Array
                (
                    [id] => 44
                    [title] => 楽しみなゲーム/into the breach
                    [category_id] => 9
                    [body] => テスト投稿。
                    [abouturl] => 
                    [pic] => uploads/90b78c06788797e9990fb297234ad1a3be363d1c.png
                    [user_id] => 7
                    [delete_flg] => 0
                    [create_date] => 2019-10-31 16:55:07
                    [update_date] => 2019-11-01 01:55:07
                )

            [1] => Array
                (
                    [id] => 43
                    [title] => テストその２
                    [category_id] => 0
                    [body] => テストその２
                    [abouturl] => 
                    [pic] => uploads/d4e5227caf3544783abaf66518a1a8ddc051c0fa.png
                    [user_id] => 7
                    [delete_flg] => 0
                    [create_date] => 2019-04-07 04:01:42
                    [update_date] => 2019-04-07 13:01:42
                )

            [2] => Array
                (
                    [id] => 42
                    [title] => テストアクションゲーム
                    [category_id] => 1
                    [body] => アクションゲームですよね。
アクションゲームですよね。
骨太アクションゲームです。
ムズかしいです。
                    [abouturl] => 
                    [pic] => 
                    [user_id] => 7
                    [delete_flg] => 0
                    [create_date] => 2019-04-07 03:51:01
                    [update_date] => 2019-04-07 12:51:01
                )

            [3] => Array
                (
                    [id] => 41
                    [title] => 寿司ストライカーで指トレ
                    [category_id] => 2
                    [body] => 寿司を食いまくります。連打、操作しまくるパズルアクション。
                    [abouturl] => 
                    [pic] => uploads/806219e4a1adfe1be9d2e466ab684b5f0aebefe4.jpeg
                    [user_id] => 7
                    [delete_flg] => 0
                    [create_date] => 2019-03-03 14:44:48
                    [update_date] => 2019-03-03 23:44:49
                )

            [4] => Array
                (
                    [id] => 40
                    [title] => スネークパスやってみてえ
                    [category_id] => 2
                    [body] => 蛇を操作するアクションゲーム。操作感覚が独特で、蛇っぽい感じになるらしい。
                    [abouturl] => https://kentworld-blog.com/archives/snakepass-review.html
                    [pic] => uploads/8dc81226abec4b9d138e99619ad3f4a2f1d35676.png
                    [user_id] => 4
                    [delete_flg] => 0
                    [create_date] => 2019-02-11 14:12:17
                    [update_date] => 2019-02-11 23:26:13
                )

            [5] => Array
                (
                    [id] => 39
                    [title] => スネークパスやってみてえ
                    [category_id] => 2
                    [body] => 蛇を操作するアクションゲーム。操作感覚が独特で、蛇っぽい感じになるらしい。
                    [abouturl] => https://kentworld-blog.com/archives/snakepass-review.html
                    [pic] => uploads/8dc81226abec4b9d138e99619ad3f4a2f1d35676.png
                    [user_id] => 4
                    [delete_flg] => 0
                    [create_date] => 2019-02-11 14:12:17
                    [update_date] => 2019-02-11 23:26:13
                )

            [6] => Array
                (
                    [id] => 38
                    [title] => スネークパスやってみてえ
                    [category_id] => 2
                    [body] => 蛇を操作するアクションゲーム。操作感覚が独特で、蛇っぽい感じになるらしい。
                    [abouturl] => https://kentworld-blog.com/archives/snakepass-review.html
                    [pic] => uploads/8dc81226abec4b9d138e99619ad3f4a2f1d35676.png
                    [user_id] => 4
                    [delete_flg] => 0
                    [create_date] => 2019-02-11 14:12:17
                    [update_date] => 2019-02-11 23:26:13
                )

            [7] => Array
                (
                    [id] => 37
                    [title] => スネークパスやってみてえ
                    [category_id] => 2
                    [body] => 蛇を操作するアクションゲーム。操作感覚が独特で、蛇っぽい感じになるらしい。
                    [abouturl] => https://kentworld-blog.com/archives/snakepass-review.html
                    [pic] => uploads/8dc81226abec4b9d138e99619ad3f4a2f1d35676.png
                    [user_id] => 4
                    [delete_flg] => 0
                    [create_date] => 2019-02-11 14:12:17
                    [update_date] => 2019-02-11 23:26:13
                )

            [8] => Array
                (
                    [id] => 36
                    [title] => スネークパスやってみてえ
                    [category_id] => 2
                    [body] => 蛇を操作するアクションゲーム。操作感覚が独特で、蛇っぽい感じになるらしい。
                    [abouturl] => https://kentworld-blog.com/archives/snakepass-review.html
                    [pic] => uploads/8dc81226abec4b9d138e99619ad3f4a2f1d35676.png
                    [user_id] => 4
                    [delete_flg] => 0
                    [create_date] => 2019-02-11 14:12:17
                    [update_date] => 2019-02-11 23:26:13
                )

            [9] => Array
                (
                    [id] => 35
                    [title] => スネークパスやってみてえ
                    [category_id] => 2
                    [body] => 蛇を操作するアクションゲーム。操作感覚が独特で、蛇っぽい感じになるらしい。
                    [abouturl] => https://kentworld-blog.com/archives/snakepass-review.html
                    [pic] => uploads/8dc81226abec4b9d138e99619ad3f4a2f1d35676.png
                    [user_id] => 4
                    [delete_flg] => 0
                    [create_date] => 2019-02-11 14:12:17
                    [update_date] => 2019-02-11 23:26:13
                )

            [10] => Array
                (
                    [id] => 34
                    [title] => テストです。
                    [category_id] => 2
                    [body] => ゆるゆるとしたアクション。
                    [abouturl] => 
                    [pic] => 
                    [user_id] => 7
                    [delete_flg] => 0
                    [create_date] => 2019-02-25 04:36:59
                    [update_date] => 2019-02-25 13:36:59
                )

            [11] => Array
                (
                    [id] => 33
                    [title] => レイジングループはめっちゃ時間盗みます
                    [category_id] => 10
                    [body] => 人狼ゲームが風習として残る村の物語を綴るアドベンチャーゲーム。ほぼ一本道、また絵柄が少し独特ですが、ストーリーがとにかく読ませます。活字中毒者にオススメ。
                    [abouturl] => https://jp.ign.com/raging-loop/21306/feature/adv7
                    [pic] => uploads/23216c213be02f1de31f1c827eabff1e9761bdf8.png
                    [user_id] => 4
                    [delete_flg] => 0
                    [create_date] => 2019-02-11 14:07:17
                    [update_date] => 2019-02-11 23:26:04
                )

            [12] => Array
                (
                    [id] => 32
                    [title] => レイジングループはめっちゃ時間盗みます
                    [category_id] => 10
                    [body] => 人狼ゲームが風習として残る村の物語を綴るアドベンチャーゲーム。ほぼ一本道、また絵柄が少し独特ですが、ストーリーがとにかく読ませます。活字中毒者にオススメ。
                    [abouturl] => https://jp.ign.com/raging-loop/21306/feature/adv7
                    [pic] => uploads/23216c213be02f1de31f1c827eabff1e9761bdf8.png
                    [user_id] => 4
                    [delete_flg] => 0
                    [create_date] => 2019-02-11 14:07:17
                    [update_date] => 2019-02-11 23:26:04
                )

            [13] => Array
                (
                    [id] => 31
                    [title] => レイジングループはめっちゃ時間盗みます
                    [category_id] => 10
                    [body] => 人狼ゲームが風習として残る村の物語を綴るアドベンチャーゲーム。ほぼ一本道、また絵柄が少し独特ですが、ストーリーがとにかく読ませます。活字中毒者にオススメ。
                    [abouturl] => https://jp.ign.com/raging-loop/21306/feature/adv7
                    [pic] => uploads/23216c213be02f1de31f1c827eabff1e9761bdf8.png
                    [user_id] => 4
                    [delete_flg] => 0
                    [create_date] => 2019-02-11 14:07:17
                    [update_date] => 2019-02-11 23:26:04
                )

            [14] => Array
                (
                    [id] => 30
                    [title] => レイジングループはめっちゃ時間盗みます
                    [category_id] => 10
                    [body] => 人狼ゲームが風習として残る村の物語を綴るアドベンチャーゲーム。ほぼ一本道、また絵柄が少し独特ですが、ストーリーがとにかく読ませます。活字中毒者にオススメ。
                    [abouturl] => https://jp.ign.com/raging-loop/21306/feature/adv7
                    [pic] => uploads/23216c213be02f1de31f1c827eabff1e9761bdf8.png
                    [user_id] => 4
                    [delete_flg] => 0
                    [create_date] => 2019-02-11 14:07:17
                    [update_date] => 2019-02-11 23:26:04
                )

            [15] => Array
                (
                    [id] => 29
                    [title] => レイジングループはめっちゃ時間盗みます
                    [category_id] => 10
                    [body] => 人狼ゲームが風習として残る村の物語を綴るアドベンチャーゲーム。ほぼ一本道、また絵柄が少し独特ですが、ストーリーがとにかく読ませます。活字中毒者にオススメ。
                    [abouturl] => https://jp.ign.com/raging-loop/21306/feature/adv7
                    [pic] => uploads/23216c213be02f1de31f1c827eabff1e9761bdf8.png
                    [user_id] => 4
                    [delete_flg] => 0
                    [create_date] => 2019-02-11 14:07:17
                    [update_date] => 2019-02-11 23:26:04
                )

            [16] => Array
                (
                    [id] => 28
                    [title] => レイジングループはめっちゃ時間盗みます
                    [category_id] => 10
                    [body] => 人狼ゲームが風習として残る村の物語を綴るアドベンチャーゲーム。ほぼ一本道、また絵柄が少し独特ですが、ストーリーがとにかく読ませます。活字中毒者にオススメ。
                    [abouturl] => https://jp.ign.com/raging-loop/21306/feature/adv7
                    [pic] => uploads/23216c213be02f1de31f1c827eabff1e9761bdf8.png
                    [user_id] => 4
                    [delete_flg] => 0
                    [create_date] => 2019-02-11 14:07:17
                    [update_date] => 2019-02-11 23:26:04
                )

            [17] => Array
                (
                    [id] => 27
                    [title] => レイジングループはめっちゃ時間盗みます
                    [category_id] => 10
                    [body] => 人狼ゲームが風習として残る村の物語を綴るアドベンチャーゲーム。ほぼ一本道、また絵柄が少し独特ですが、ストーリーがとにかく読ませます。活字中毒者にオススメ。
                    [abouturl] => https://jp.ign.com/raging-loop/21306/feature/adv7
                    [pic] => uploads/23216c213be02f1de31f1c827eabff1e9761bdf8.png
                    [user_id] => 4
                    [delete_flg] => 0
                    [create_date] => 2019-02-11 14:07:17
                    [update_date] => 2019-02-11 23:26:04
                )

            [18] => Array
                (
                    [id] => 26
                    [title] => レイジングループはめっちゃ時間盗みます
                    [category_id] => 10
                    [body] => 人狼ゲームが風習として残る村の物語を綴るアドベンチャーゲーム。ほぼ一本道、また絵柄が少し独特ですが、ストーリーがとにかく読ませます。活字中毒者にオススメ。
                    [abouturl] => https://jp.ign.com/raging-loop/21306/feature/adv7
                    [pic] => uploads/23216c213be02f1de31f1c827eabff1e9761bdf8.png
                    [user_id] => 4
                    [delete_flg] => 0
                    [create_date] => 2019-02-11 14:07:17
                    [update_date] => 2019-02-11 23:26:04
                )

            [19] => Array
                (
                    [id] => 25
                    [title] => レイジングループはめっちゃ時間盗みます
                    [category_id] => 10
                    [body] => 人狼ゲームが風習として残る村の物語を綴るアドベンチャーゲーム。ほぼ一本道、また絵柄が少し独特ですが、ストーリーがとにかく読ませます。活字中毒者にオススメ。
                    [abouturl] => https://jp.ign.com/raging-loop/21306/feature/adv7
                    [pic] => uploads/23216c213be02f1de31f1c827eabff1e9761bdf8.png
                    [user_id] => 4
                    [delete_flg] => 0
                    [create_date] => 2019-02-11 14:07:17
                    [update_date] => 2019-02-11 23:26:04
                )

        )

)

[05-Nov-2019 16:51:21 UTC] デバッグ:カテゴリー情報を取得します
[05-Nov-2019 16:51:21 UTC] デバッグ:クエリ成功
[05-Nov-2019 16:51:21 UTC] デバッグ:画面表示処理終了 <<<<<<<<<<<<<<<<<<<<<<<<<<<<<<<<<<<<<<<<<<<<<<<<
[05-Nov-2019 16:51:24 UTC] デバッグ:「「「「「「「「「「「「「「「「「「「「「「「「「「「「「「「「「「「「「「「「
[05-Nov-2019 16:51:24 UTC] デバッグ:「　トップページ　
[05-Nov-2019 16:51:24 UTC] デバッグ:「「「「「「「「「「「「「「「「「「「「「「「「「「「「「「「「「「「「「「「「
[05-Nov-2019 16:51:24 UTC] デバッグ:>>>>>>>>>>>>>>>>>>>>>>>>>>>>>>>>>>>>>>>>>>>>>>>> 画面表示処理開始
[05-Nov-2019 16:51:24 UTC] デバッグ:セッションID：srajn36kic3gl6ud33rfnn2m12
[05-Nov-2019 16:51:24 UTC] デバッグ:セッション変数の中身：Array
(
    [login_date] => 1572972681
    [login_limit] => 2592000
    [user_id] => 7
    [msg_success] => 
)

[05-Nov-2019 16:51:24 UTC] デバッグ:現在日時タイムスタンプ：1572972684
[05-Nov-2019 16:51:24 UTC] デバッグ:ログイン期限日時タイムスタンプ：1575564681
[05-Nov-2019 16:51:24 UTC] デバッグ:ログイン済みユーザーです。
[05-Nov-2019 16:51:24 UTC] デバッグ:ログイン有効期限以内です。
[05-Nov-2019 16:51:24 UTC] デバッグ:検索ワードに一致するデータを取得します。
[05-Nov-2019 16:51:24 UTC] デバッグ:クエリ大失敗！！
[05-Nov-2019 16:51:24 UTC] デバッグ:失敗したSQL:PDOStatement Object
(
    [queryString] => SELECT * FROM reviews WHERE (title LIKE '%%' OR body LIKE '%%')  AND category_id = カテゴリで絞り込む
)

[05-Nov-2019 16:51:24 UTC] デバッグ:SQLエラーArray
(
    [0] => 42S22
    [1] => 1054
    [2] => Unknown column 'カテゴリで絞り込む' in 'where clause'
)

[05-Nov-2019 16:51:24 UTC] デバッグ:検索でのクエリ結果情報です!!：0
[05-Nov-2019 16:51:24 UTC] デバッグ:カテゴリー情報を取得します
[05-Nov-2019 16:51:24 UTC] デバッグ:クエリ成功
[05-Nov-2019 16:51:24 UTC] デバッグ:画面表示処理終了 <<<<<<<<<<<<<<<<<<<<<<<<<<<<<<<<<<<<<<<<<<<<<<<<
[05-Nov-2019 16:51:24 UTC] PHP Warning:  count(): Parameter must be an array or an object that implements Countable in /Applications/MAMP/htdocs/switchreviews/searchreviews.php on line 65
[05-Nov-2019 16:51:24 UTC] PHP Warning:  Invalid argument supplied for foreach() in /Applications/MAMP/htdocs/switchreviews/searchreviews.php on line 70
[05-Nov-2019 16:55:31 UTC] デバッグ:「「「「「「「「「「「「「「「「「「「「「「「「「「「「「「「「「「「「「「「「
[05-Nov-2019 16:55:31 UTC] デバッグ:「　トップページ　
[05-Nov-2019 16:55:31 UTC] デバッグ:「「「「「「「「「「「「「「「「「「「「「「「「「「「「「「「「「「「「「「「「
[05-Nov-2019 16:55:31 UTC] デバッグ:>>>>>>>>>>>>>>>>>>>>>>>>>>>>>>>>>>>>>>>>>>>>>>>> 画面表示処理開始
[05-Nov-2019 16:55:31 UTC] デバッグ:セッションID：vfuf0h7h0kof6l1f0bbqelb5rd
[05-Nov-2019 16:55:31 UTC] デバッグ:セッション変数の中身：Array
(
    [login_date] => 1572972684
    [login_limit] => 2592000
    [user_id] => 7
    [msg_success] => 
)

[05-Nov-2019 16:55:31 UTC] デバッグ:現在日時タイムスタンプ：1572972931
[05-Nov-2019 16:55:31 UTC] デバッグ:ログイン期限日時タイムスタンプ：1575564684
[05-Nov-2019 16:55:31 UTC] デバッグ:ログイン済みユーザーです。
[05-Nov-2019 16:55:31 UTC] デバッグ:ログイン有効期限以内です。
[05-Nov-2019 16:55:31 UTC] デバッグ:レビュー情報一覧を取得します
[05-Nov-2019 16:55:31 UTC] デバッグ:クエリ成功
[05-Nov-2019 16:55:31 UTC] デバッグ:SQL文章:SELECT * FROM reviews ORDER BY id desc LIMIT 20 OFFSET 0
[05-Nov-2019 16:55:31 UTC] デバッグ:クエリ成功
[05-Nov-2019 16:55:31 UTC] デバッグ:$resultの中身Array
(
    [total] => 40
    [total_page] => 2
    [data] => Array
        (
            [0] => Array
                (
                    [id] => 44
                    [title] => 楽しみなゲーム/into the breach
                    [category_id] => 9
                    [body] => テスト投稿。
                    [abouturl] => 
                    [pic] => uploads/90b78c06788797e9990fb297234ad1a3be363d1c.png
                    [user_id] => 7
                    [delete_flg] => 0
                    [create_date] => 2019-10-31 16:55:07
                    [update_date] => 2019-11-01 01:55:07
                )

            [1] => Array
                (
                    [id] => 43
                    [title] => テストその２
                    [category_id] => 0
                    [body] => テストその２
                    [abouturl] => 
                    [pic] => uploads/d4e5227caf3544783abaf66518a1a8ddc051c0fa.png
                    [user_id] => 7
                    [delete_flg] => 0
                    [create_date] => 2019-04-07 04:01:42
                    [update_date] => 2019-04-07 13:01:42
                )

            [2] => Array
                (
                    [id] => 42
                    [title] => テストアクションゲーム
                    [category_id] => 1
                    [body] => アクションゲームですよね。
アクションゲームですよね。
骨太アクションゲームです。
ムズかしいです。
                    [abouturl] => 
                    [pic] => 
                    [user_id] => 7
                    [delete_flg] => 0
                    [create_date] => 2019-04-07 03:51:01
                    [update_date] => 2019-04-07 12:51:01
                )

            [3] => Array
                (
                    [id] => 41
                    [title] => 寿司ストライカーで指トレ
                    [category_id] => 2
                    [body] => 寿司を食いまくります。連打、操作しまくるパズルアクション。
                    [abouturl] => 
                    [pic] => uploads/806219e4a1adfe1be9d2e466ab684b5f0aebefe4.jpeg
                    [user_id] => 7
                    [delete_flg] => 0
                    [create_date] => 2019-03-03 14:44:48
                    [update_date] => 2019-03-03 23:44:49
                )

            [4] => Array
                (
                    [id] => 40
                    [title] => スネークパスやってみてえ
                    [category_id] => 2
                    [body] => 蛇を操作するアクションゲーム。操作感覚が独特で、蛇っぽい感じになるらしい。
                    [abouturl] => https://kentworld-blog.com/archives/snakepass-review.html
                    [pic] => uploads/8dc81226abec4b9d138e99619ad3f4a2f1d35676.png
                    [user_id] => 4
                    [delete_flg] => 0
                    [create_date] => 2019-02-11 14:12:17
                    [update_date] => 2019-02-11 23:26:13
                )

            [5] => Array
                (
                    [id] => 39
                    [title] => スネークパスやってみてえ
                    [category_id] => 2
                    [body] => 蛇を操作するアクションゲーム。操作感覚が独特で、蛇っぽい感じになるらしい。
                    [abouturl] => https://kentworld-blog.com/archives/snakepass-review.html
                    [pic] => uploads/8dc81226abec4b9d138e99619ad3f4a2f1d35676.png
                    [user_id] => 4
                    [delete_flg] => 0
                    [create_date] => 2019-02-11 14:12:17
                    [update_date] => 2019-02-11 23:26:13
                )

            [6] => Array
                (
                    [id] => 38
                    [title] => スネークパスやってみてえ
                    [category_id] => 2
                    [body] => 蛇を操作するアクションゲーム。操作感覚が独特で、蛇っぽい感じになるらしい。
                    [abouturl] => https://kentworld-blog.com/archives/snakepass-review.html
                    [pic] => uploads/8dc81226abec4b9d138e99619ad3f4a2f1d35676.png
                    [user_id] => 4
                    [delete_flg] => 0
                    [create_date] => 2019-02-11 14:12:17
                    [update_date] => 2019-02-11 23:26:13
                )

            [7] => Array
                (
                    [id] => 37
                    [title] => スネークパスやってみてえ
                    [category_id] => 2
                    [body] => 蛇を操作するアクションゲーム。操作感覚が独特で、蛇っぽい感じになるらしい。
                    [abouturl] => https://kentworld-blog.com/archives/snakepass-review.html
                    [pic] => uploads/8dc81226abec4b9d138e99619ad3f4a2f1d35676.png
                    [user_id] => 4
                    [delete_flg] => 0
                    [create_date] => 2019-02-11 14:12:17
                    [update_date] => 2019-02-11 23:26:13
                )

            [8] => Array
                (
                    [id] => 36
                    [title] => スネークパスやってみてえ
                    [category_id] => 2
                    [body] => 蛇を操作するアクションゲーム。操作感覚が独特で、蛇っぽい感じになるらしい。
                    [abouturl] => https://kentworld-blog.com/archives/snakepass-review.html
                    [pic] => uploads/8dc81226abec4b9d138e99619ad3f4a2f1d35676.png
                    [user_id] => 4
                    [delete_flg] => 0
                    [create_date] => 2019-02-11 14:12:17
                    [update_date] => 2019-02-11 23:26:13
                )

            [9] => Array
                (
                    [id] => 35
                    [title] => スネークパスやってみてえ
                    [category_id] => 2
                    [body] => 蛇を操作するアクションゲーム。操作感覚が独特で、蛇っぽい感じになるらしい。
                    [abouturl] => https://kentworld-blog.com/archives/snakepass-review.html
                    [pic] => uploads/8dc81226abec4b9d138e99619ad3f4a2f1d35676.png
                    [user_id] => 4
                    [delete_flg] => 0
                    [create_date] => 2019-02-11 14:12:17
                    [update_date] => 2019-02-11 23:26:13
                )

            [10] => Array
                (
                    [id] => 34
                    [title] => テストです。
                    [category_id] => 2
                    [body] => ゆるゆるとしたアクション。
                    [abouturl] => 
                    [pic] => 
                    [user_id] => 7
                    [delete_flg] => 0
                    [create_date] => 2019-02-25 04:36:59
                    [update_date] => 2019-02-25 13:36:59
                )

            [11] => Array
                (
                    [id] => 33
                    [title] => レイジングループはめっちゃ時間盗みます
                    [category_id] => 10
                    [body] => 人狼ゲームが風習として残る村の物語を綴るアドベンチャーゲーム。ほぼ一本道、また絵柄が少し独特ですが、ストーリーがとにかく読ませます。活字中毒者にオススメ。
                    [abouturl] => https://jp.ign.com/raging-loop/21306/feature/adv7
                    [pic] => uploads/23216c213be02f1de31f1c827eabff1e9761bdf8.png
                    [user_id] => 4
                    [delete_flg] => 0
                    [create_date] => 2019-02-11 14:07:17
                    [update_date] => 2019-02-11 23:26:04
                )

            [12] => Array
                (
                    [id] => 32
                    [title] => レイジングループはめっちゃ時間盗みます
                    [category_id] => 10
                    [body] => 人狼ゲームが風習として残る村の物語を綴るアドベンチャーゲーム。ほぼ一本道、また絵柄が少し独特ですが、ストーリーがとにかく読ませます。活字中毒者にオススメ。
                    [abouturl] => https://jp.ign.com/raging-loop/21306/feature/adv7
                    [pic] => uploads/23216c213be02f1de31f1c827eabff1e9761bdf8.png
                    [user_id] => 4
                    [delete_flg] => 0
                    [create_date] => 2019-02-11 14:07:17
                    [update_date] => 2019-02-11 23:26:04
                )

            [13] => Array
                (
                    [id] => 31
                    [title] => レイジングループはめっちゃ時間盗みます
                    [category_id] => 10
                    [body] => 人狼ゲームが風習として残る村の物語を綴るアドベンチャーゲーム。ほぼ一本道、また絵柄が少し独特ですが、ストーリーがとにかく読ませます。活字中毒者にオススメ。
                    [abouturl] => https://jp.ign.com/raging-loop/21306/feature/adv7
                    [pic] => uploads/23216c213be02f1de31f1c827eabff1e9761bdf8.png
                    [user_id] => 4
                    [delete_flg] => 0
                    [create_date] => 2019-02-11 14:07:17
                    [update_date] => 2019-02-11 23:26:04
                )

            [14] => Array
                (
                    [id] => 30
                    [title] => レイジングループはめっちゃ時間盗みます
                    [category_id] => 10
                    [body] => 人狼ゲームが風習として残る村の物語を綴るアドベンチャーゲーム。ほぼ一本道、また絵柄が少し独特ですが、ストーリーがとにかく読ませます。活字中毒者にオススメ。
                    [abouturl] => https://jp.ign.com/raging-loop/21306/feature/adv7
                    [pic] => uploads/23216c213be02f1de31f1c827eabff1e9761bdf8.png
                    [user_id] => 4
                    [delete_flg] => 0
                    [create_date] => 2019-02-11 14:07:17
                    [update_date] => 2019-02-11 23:26:04
                )

            [15] => Array
                (
                    [id] => 29
                    [title] => レイジングループはめっちゃ時間盗みます
                    [category_id] => 10
                    [body] => 人狼ゲームが風習として残る村の物語を綴るアドベンチャーゲーム。ほぼ一本道、また絵柄が少し独特ですが、ストーリーがとにかく読ませます。活字中毒者にオススメ。
                    [abouturl] => https://jp.ign.com/raging-loop/21306/feature/adv7
                    [pic] => uploads/23216c213be02f1de31f1c827eabff1e9761bdf8.png
                    [user_id] => 4
                    [delete_flg] => 0
                    [create_date] => 2019-02-11 14:07:17
                    [update_date] => 2019-02-11 23:26:04
                )

            [16] => Array
                (
                    [id] => 28
                    [title] => レイジングループはめっちゃ時間盗みます
                    [category_id] => 10
                    [body] => 人狼ゲームが風習として残る村の物語を綴るアドベンチャーゲーム。ほぼ一本道、また絵柄が少し独特ですが、ストーリーがとにかく読ませます。活字中毒者にオススメ。
                    [abouturl] => https://jp.ign.com/raging-loop/21306/feature/adv7
                    [pic] => uploads/23216c213be02f1de31f1c827eabff1e9761bdf8.png
                    [user_id] => 4
                    [delete_flg] => 0
                    [create_date] => 2019-02-11 14:07:17
                    [update_date] => 2019-02-11 23:26:04
                )

            [17] => Array
                (
                    [id] => 27
                    [title] => レイジングループはめっちゃ時間盗みます
                    [category_id] => 10
                    [body] => 人狼ゲームが風習として残る村の物語を綴るアドベンチャーゲーム。ほぼ一本道、また絵柄が少し独特ですが、ストーリーがとにかく読ませます。活字中毒者にオススメ。
                    [abouturl] => https://jp.ign.com/raging-loop/21306/feature/adv7
                    [pic] => uploads/23216c213be02f1de31f1c827eabff1e9761bdf8.png
                    [user_id] => 4
                    [delete_flg] => 0
                    [create_date] => 2019-02-11 14:07:17
                    [update_date] => 2019-02-11 23:26:04
                )

            [18] => Array
                (
                    [id] => 26
                    [title] => レイジングループはめっちゃ時間盗みます
                    [category_id] => 10
                    [body] => 人狼ゲームが風習として残る村の物語を綴るアドベンチャーゲーム。ほぼ一本道、また絵柄が少し独特ですが、ストーリーがとにかく読ませます。活字中毒者にオススメ。
                    [abouturl] => https://jp.ign.com/raging-loop/21306/feature/adv7
                    [pic] => uploads/23216c213be02f1de31f1c827eabff1e9761bdf8.png
                    [user_id] => 4
                    [delete_flg] => 0
                    [create_date] => 2019-02-11 14:07:17
                    [update_date] => 2019-02-11 23:26:04
                )

            [19] => Array
                (
                    [id] => 25
                    [title] => レイジングループはめっちゃ時間盗みます
                    [category_id] => 10
                    [body] => 人狼ゲームが風習として残る村の物語を綴るアドベンチャーゲーム。ほぼ一本道、また絵柄が少し独特ですが、ストーリーがとにかく読ませます。活字中毒者にオススメ。
                    [abouturl] => https://jp.ign.com/raging-loop/21306/feature/adv7
                    [pic] => uploads/23216c213be02f1de31f1c827eabff1e9761bdf8.png
                    [user_id] => 4
                    [delete_flg] => 0
                    [create_date] => 2019-02-11 14:07:17
                    [update_date] => 2019-02-11 23:26:04
                )

        )

)

[05-Nov-2019 16:55:31 UTC] デバッグ:カテゴリー情報を取得します
[05-Nov-2019 16:55:31 UTC] デバッグ:クエリ成功
[05-Nov-2019 16:55:31 UTC] デバッグ:画面表示処理終了 <<<<<<<<<<<<<<<<<<<<<<<<<<<<<<<<<<<<<<<<<<<<<<<<
[05-Nov-2019 16:55:34 UTC] デバッグ:「「「「「「「「「「「「「「「「「「「「「「「「「「「「「「「「「「「「「「「「
[05-Nov-2019 16:55:34 UTC] デバッグ:「　トップページ　
[05-Nov-2019 16:55:34 UTC] デバッグ:「「「「「「「「「「「「「「「「「「「「「「「「「「「「「「「「「「「「「「「「
[05-Nov-2019 16:55:34 UTC] デバッグ:>>>>>>>>>>>>>>>>>>>>>>>>>>>>>>>>>>>>>>>>>>>>>>>> 画面表示処理開始
[05-Nov-2019 16:55:34 UTC] デバッグ:セッションID：q743tfp1rl15k20tlir45ukako
[05-Nov-2019 16:55:34 UTC] デバッグ:セッション変数の中身：Array
(
    [login_date] => 1572972931
    [login_limit] => 2592000
    [user_id] => 7
    [msg_success] => 
)

[05-Nov-2019 16:55:34 UTC] デバッグ:現在日時タイムスタンプ：1572972934
[05-Nov-2019 16:55:34 UTC] デバッグ:ログイン期限日時タイムスタンプ：1575564931
[05-Nov-2019 16:55:34 UTC] デバッグ:ログイン済みユーザーです。
[05-Nov-2019 16:55:34 UTC] デバッグ:ログイン有効期限以内です。
[05-Nov-2019 16:55:34 UTC] デバッグ:検索ワードに一致するデータを取得します。
[05-Nov-2019 16:55:34 UTC] デバッグ:クエリ成功
[05-Nov-2019 16:55:34 UTC] デバッグ:検索でのクエリ結果情報です!!：PDOStatement Object
(
    [queryString] => SELECT * FROM reviews
)

[05-Nov-2019 16:55:34 UTC] デバッグ:カテゴリー情報を取得します
[05-Nov-2019 16:55:34 UTC] デバッグ:クエリ成功
[05-Nov-2019 16:55:34 UTC] デバッグ:画面表示処理終了 <<<<<<<<<<<<<<<<<<<<<<<<<<<<<<<<<<<<<<<<<<<<<<<<
[05-Nov-2019 16:55:42 UTC] デバッグ:「「「「「「「「「「「「「「「「「「「「「「「「「「「「「「「「「「「「「「「「
[05-Nov-2019 16:55:42 UTC] デバッグ:「　トップページ　
[05-Nov-2019 16:55:42 UTC] デバッグ:「「「「「「「「「「「「「「「「「「「「「「「「「「「「「「「「「「「「「「「「
[05-Nov-2019 16:55:42 UTC] デバッグ:>>>>>>>>>>>>>>>>>>>>>>>>>>>>>>>>>>>>>>>>>>>>>>>> 画面表示処理開始
[05-Nov-2019 16:55:42 UTC] デバッグ:セッションID：4vj2ek0vqgvnen7u1k38mtvflo
[05-Nov-2019 16:55:42 UTC] デバッグ:セッション変数の中身：Array
(
    [login_date] => 1572972934
    [login_limit] => 2592000
    [user_id] => 7
    [msg_success] => 
)

[05-Nov-2019 16:55:42 UTC] デバッグ:現在日時タイムスタンプ：1572972942
[05-Nov-2019 16:55:42 UTC] デバッグ:ログイン期限日時タイムスタンプ：1575564934
[05-Nov-2019 16:55:42 UTC] デバッグ:ログイン済みユーザーです。
[05-Nov-2019 16:55:42 UTC] デバッグ:ログイン有効期限以内です。
[05-Nov-2019 16:55:42 UTC] デバッグ:検索ワードに一致するデータを取得します。
[05-Nov-2019 16:55:42 UTC] デバッグ:クエリ成功
[05-Nov-2019 16:55:42 UTC] デバッグ:検索でのクエリ結果情報です!!：PDOStatement Object
(
    [queryString] => SELECT * FROM reviews
)

[05-Nov-2019 16:55:42 UTC] デバッグ:カテゴリー情報を取得します
[05-Nov-2019 16:55:42 UTC] デバッグ:クエリ成功
[05-Nov-2019 16:55:42 UTC] デバッグ:画面表示処理終了 <<<<<<<<<<<<<<<<<<<<<<<<<<<<<<<<<<<<<<<<<<<<<<<<
[05-Nov-2019 16:55:48 UTC] デバッグ:「「「「「「「「「「「「「「「「「「「「「「「「「「「「「「「「「「「「「「「「
[05-Nov-2019 16:55:48 UTC] デバッグ:「　トップページ　
[05-Nov-2019 16:55:48 UTC] デバッグ:「「「「「「「「「「「「「「「「「「「「「「「「「「「「「「「「「「「「「「「「
[05-Nov-2019 16:55:48 UTC] デバッグ:>>>>>>>>>>>>>>>>>>>>>>>>>>>>>>>>>>>>>>>>>>>>>>>> 画面表示処理開始
[05-Nov-2019 16:55:48 UTC] デバッグ:セッションID：pjvo0vq4fpstso0set15bl02uc
[05-Nov-2019 16:55:48 UTC] デバッグ:セッション変数の中身：Array
(
    [login_date] => 1572972942
    [login_limit] => 2592000
    [user_id] => 7
    [msg_success] => 
)

[05-Nov-2019 16:55:48 UTC] デバッグ:現在日時タイムスタンプ：1572972948
[05-Nov-2019 16:55:48 UTC] デバッグ:ログイン期限日時タイムスタンプ：1575564942
[05-Nov-2019 16:55:48 UTC] デバッグ:ログイン済みユーザーです。
[05-Nov-2019 16:55:48 UTC] デバッグ:ログイン有効期限以内です。
[05-Nov-2019 16:55:48 UTC] デバッグ:検索ワードに一致するデータを取得します。
[05-Nov-2019 16:55:48 UTC] デバッグ:クエリ大失敗！！
[05-Nov-2019 16:55:48 UTC] デバッグ:失敗したSQL:PDOStatement Object
(
    [queryString] => SELECT * FROM reviews AND category_id = 1
)

[05-Nov-2019 16:55:48 UTC] デバッグ:SQLエラーArray
(
    [0] => 42000
    [1] => 1064
    [2] => You have an error in your SQL syntax; check the manual that corresponds to your MySQL server version for the right syntax to use near 'AND category_id = 1' at line 1
)

[05-Nov-2019 16:55:48 UTC] デバッグ:検索でのクエリ結果情報です!!：0
[05-Nov-2019 16:55:48 UTC] PHP Fatal error:  Uncaught Error: Call to a member function rowCount() on integer in /Applications/MAMP/htdocs/switchreviews/function.php:401
Stack trace:
#0 /Applications/MAMP/htdocs/switchreviews/searchreviews.php(30): searchReviews('')
#1 {main}
  thrown in /Applications/MAMP/htdocs/switchreviews/function.php on line 401
[05-Nov-2019 17:00:42 UTC] デバッグ:「「「「「「「「「「「「「「「「「「「「「「「「「「「「「「「「「「「「「「「「
[05-Nov-2019 17:00:42 UTC] デバッグ:「　トップページ　
[05-Nov-2019 17:00:42 UTC] デバッグ:「「「「「「「「「「「「「「「「「「「「「「「「「「「「「「「「「「「「「「「「
[05-Nov-2019 17:00:42 UTC] デバッグ:>>>>>>>>>>>>>>>>>>>>>>>>>>>>>>>>>>>>>>>>>>>>>>>> 画面表示処理開始
[05-Nov-2019 17:00:42 UTC] デバッグ:セッションID：uc3mf9kj9du8tolj4k1puauh1m
[05-Nov-2019 17:00:42 UTC] デバッグ:セッション変数の中身：Array
(
    [login_date] => 1572972948
    [login_limit] => 2592000
    [user_id] => 7
    [msg_success] => 
)

[05-Nov-2019 17:00:42 UTC] デバッグ:現在日時タイムスタンプ：1572973242
[05-Nov-2019 17:00:42 UTC] デバッグ:ログイン期限日時タイムスタンプ：1575564948
[05-Nov-2019 17:00:42 UTC] デバッグ:ログイン済みユーザーです。
[05-Nov-2019 17:00:42 UTC] デバッグ:ログイン有効期限以内です。
[05-Nov-2019 17:00:42 UTC] デバッグ:レビュー情報一覧を取得します
[05-Nov-2019 17:00:42 UTC] デバッグ:クエリ成功
[05-Nov-2019 17:00:42 UTC] デバッグ:SQL文章:SELECT * FROM reviews ORDER BY id desc LIMIT 20 OFFSET 0
[05-Nov-2019 17:00:42 UTC] デバッグ:クエリ成功
[05-Nov-2019 17:00:42 UTC] デバッグ:$resultの中身Array
(
    [total] => 40
    [total_page] => 2
    [data] => Array
        (
            [0] => Array
                (
                    [id] => 44
                    [title] => 楽しみなゲーム/into the breach
                    [category_id] => 9
                    [body] => テスト投稿。
                    [abouturl] => 
                    [pic] => uploads/90b78c06788797e9990fb297234ad1a3be363d1c.png
                    [user_id] => 7
                    [delete_flg] => 0
                    [create_date] => 2019-10-31 16:55:07
                    [update_date] => 2019-11-01 01:55:07
                )

            [1] => Array
                (
                    [id] => 43
                    [title] => テストその２
                    [category_id] => 0
                    [body] => テストその２
                    [abouturl] => 
                    [pic] => uploads/d4e5227caf3544783abaf66518a1a8ddc051c0fa.png
                    [user_id] => 7
                    [delete_flg] => 0
                    [create_date] => 2019-04-07 04:01:42
                    [update_date] => 2019-04-07 13:01:42
                )

            [2] => Array
                (
                    [id] => 42
                    [title] => テストアクションゲーム
                    [category_id] => 1
                    [body] => アクションゲームですよね。
アクションゲームですよね。
骨太アクションゲームです。
ムズかしいです。
                    [abouturl] => 
                    [pic] => 
                    [user_id] => 7
                    [delete_flg] => 0
                    [create_date] => 2019-04-07 03:51:01
                    [update_date] => 2019-04-07 12:51:01
                )

            [3] => Array
                (
                    [id] => 41
                    [title] => 寿司ストライカーで指トレ
                    [category_id] => 2
                    [body] => 寿司を食いまくります。連打、操作しまくるパズルアクション。
                    [abouturl] => 
                    [pic] => uploads/806219e4a1adfe1be9d2e466ab684b5f0aebefe4.jpeg
                    [user_id] => 7
                    [delete_flg] => 0
                    [create_date] => 2019-03-03 14:44:48
                    [update_date] => 2019-03-03 23:44:49
                )

            [4] => Array
                (
                    [id] => 40
                    [title] => スネークパスやってみてえ
                    [category_id] => 2
                    [body] => 蛇を操作するアクションゲーム。操作感覚が独特で、蛇っぽい感じになるらしい。
                    [abouturl] => https://kentworld-blog.com/archives/snakepass-review.html
                    [pic] => uploads/8dc81226abec4b9d138e99619ad3f4a2f1d35676.png
                    [user_id] => 4
                    [delete_flg] => 0
                    [create_date] => 2019-02-11 14:12:17
                    [update_date] => 2019-02-11 23:26:13
                )

            [5] => Array
                (
                    [id] => 39
                    [title] => スネークパスやってみてえ
                    [category_id] => 2
                    [body] => 蛇を操作するアクションゲーム。操作感覚が独特で、蛇っぽい感じになるらしい。
                    [abouturl] => https://kentworld-blog.com/archives/snakepass-review.html
                    [pic] => uploads/8dc81226abec4b9d138e99619ad3f4a2f1d35676.png
                    [user_id] => 4
                    [delete_flg] => 0
                    [create_date] => 2019-02-11 14:12:17
                    [update_date] => 2019-02-11 23:26:13
                )

            [6] => Array
                (
                    [id] => 38
                    [title] => スネークパスやってみてえ
                    [category_id] => 2
                    [body] => 蛇を操作するアクションゲーム。操作感覚が独特で、蛇っぽい感じになるらしい。
                    [abouturl] => https://kentworld-blog.com/archives/snakepass-review.html
                    [pic] => uploads/8dc81226abec4b9d138e99619ad3f4a2f1d35676.png
                    [user_id] => 4
                    [delete_flg] => 0
                    [create_date] => 2019-02-11 14:12:17
                    [update_date] => 2019-02-11 23:26:13
                )

            [7] => Array
                (
                    [id] => 37
                    [title] => スネークパスやってみてえ
                    [category_id] => 2
                    [body] => 蛇を操作するアクションゲーム。操作感覚が独特で、蛇っぽい感じになるらしい。
                    [abouturl] => https://kentworld-blog.com/archives/snakepass-review.html
                    [pic] => uploads/8dc81226abec4b9d138e99619ad3f4a2f1d35676.png
                    [user_id] => 4
                    [delete_flg] => 0
                    [create_date] => 2019-02-11 14:12:17
                    [update_date] => 2019-02-11 23:26:13
                )

            [8] => Array
                (
                    [id] => 36
                    [title] => スネークパスやってみてえ
                    [category_id] => 2
                    [body] => 蛇を操作するアクションゲーム。操作感覚が独特で、蛇っぽい感じになるらしい。
                    [abouturl] => https://kentworld-blog.com/archives/snakepass-review.html
                    [pic] => uploads/8dc81226abec4b9d138e99619ad3f4a2f1d35676.png
                    [user_id] => 4
                    [delete_flg] => 0
                    [create_date] => 2019-02-11 14:12:17
                    [update_date] => 2019-02-11 23:26:13
                )

            [9] => Array
                (
                    [id] => 35
                    [title] => スネークパスやってみてえ
                    [category_id] => 2
                    [body] => 蛇を操作するアクションゲーム。操作感覚が独特で、蛇っぽい感じになるらしい。
                    [abouturl] => https://kentworld-blog.com/archives/snakepass-review.html
                    [pic] => uploads/8dc81226abec4b9d138e99619ad3f4a2f1d35676.png
                    [user_id] => 4
                    [delete_flg] => 0
                    [create_date] => 2019-02-11 14:12:17
                    [update_date] => 2019-02-11 23:26:13
                )

            [10] => Array
                (
                    [id] => 34
                    [title] => テストです。
                    [category_id] => 2
                    [body] => ゆるゆるとしたアクション。
                    [abouturl] => 
                    [pic] => 
                    [user_id] => 7
                    [delete_flg] => 0
                    [create_date] => 2019-02-25 04:36:59
                    [update_date] => 2019-02-25 13:36:59
                )

            [11] => Array
                (
                    [id] => 33
                    [title] => レイジングループはめっちゃ時間盗みます
                    [category_id] => 10
                    [body] => 人狼ゲームが風習として残る村の物語を綴るアドベンチャーゲーム。ほぼ一本道、また絵柄が少し独特ですが、ストーリーがとにかく読ませます。活字中毒者にオススメ。
                    [abouturl] => https://jp.ign.com/raging-loop/21306/feature/adv7
                    [pic] => uploads/23216c213be02f1de31f1c827eabff1e9761bdf8.png
                    [user_id] => 4
                    [delete_flg] => 0
                    [create_date] => 2019-02-11 14:07:17
                    [update_date] => 2019-02-11 23:26:04
                )

            [12] => Array
                (
                    [id] => 32
                    [title] => レイジングループはめっちゃ時間盗みます
                    [category_id] => 10
                    [body] => 人狼ゲームが風習として残る村の物語を綴るアドベンチャーゲーム。ほぼ一本道、また絵柄が少し独特ですが、ストーリーがとにかく読ませます。活字中毒者にオススメ。
                    [abouturl] => https://jp.ign.com/raging-loop/21306/feature/adv7
                    [pic] => uploads/23216c213be02f1de31f1c827eabff1e9761bdf8.png
                    [user_id] => 4
                    [delete_flg] => 0
                    [create_date] => 2019-02-11 14:07:17
                    [update_date] => 2019-02-11 23:26:04
                )

            [13] => Array
                (
                    [id] => 31
                    [title] => レイジングループはめっちゃ時間盗みます
                    [category_id] => 10
                    [body] => 人狼ゲームが風習として残る村の物語を綴るアドベンチャーゲーム。ほぼ一本道、また絵柄が少し独特ですが、ストーリーがとにかく読ませます。活字中毒者にオススメ。
                    [abouturl] => https://jp.ign.com/raging-loop/21306/feature/adv7
                    [pic] => uploads/23216c213be02f1de31f1c827eabff1e9761bdf8.png
                    [user_id] => 4
                    [delete_flg] => 0
                    [create_date] => 2019-02-11 14:07:17
                    [update_date] => 2019-02-11 23:26:04
                )

            [14] => Array
                (
                    [id] => 30
                    [title] => レイジングループはめっちゃ時間盗みます
                    [category_id] => 10
                    [body] => 人狼ゲームが風習として残る村の物語を綴るアドベンチャーゲーム。ほぼ一本道、また絵柄が少し独特ですが、ストーリーがとにかく読ませます。活字中毒者にオススメ。
                    [abouturl] => https://jp.ign.com/raging-loop/21306/feature/adv7
                    [pic] => uploads/23216c213be02f1de31f1c827eabff1e9761bdf8.png
                    [user_id] => 4
                    [delete_flg] => 0
                    [create_date] => 2019-02-11 14:07:17
                    [update_date] => 2019-02-11 23:26:04
                )

            [15] => Array
                (
                    [id] => 29
                    [title] => レイジングループはめっちゃ時間盗みます
                    [category_id] => 10
                    [body] => 人狼ゲームが風習として残る村の物語を綴るアドベンチャーゲーム。ほぼ一本道、また絵柄が少し独特ですが、ストーリーがとにかく読ませます。活字中毒者にオススメ。
                    [abouturl] => https://jp.ign.com/raging-loop/21306/feature/adv7
                    [pic] => uploads/23216c213be02f1de31f1c827eabff1e9761bdf8.png
                    [user_id] => 4
                    [delete_flg] => 0
                    [create_date] => 2019-02-11 14:07:17
                    [update_date] => 2019-02-11 23:26:04
                )

            [16] => Array
                (
                    [id] => 28
                    [title] => レイジングループはめっちゃ時間盗みます
                    [category_id] => 10
                    [body] => 人狼ゲームが風習として残る村の物語を綴るアドベンチャーゲーム。ほぼ一本道、また絵柄が少し独特ですが、ストーリーがとにかく読ませます。活字中毒者にオススメ。
                    [abouturl] => https://jp.ign.com/raging-loop/21306/feature/adv7
                    [pic] => uploads/23216c213be02f1de31f1c827eabff1e9761bdf8.png
                    [user_id] => 4
                    [delete_flg] => 0
                    [create_date] => 2019-02-11 14:07:17
                    [update_date] => 2019-02-11 23:26:04
                )

            [17] => Array
                (
                    [id] => 27
                    [title] => レイジングループはめっちゃ時間盗みます
                    [category_id] => 10
                    [body] => 人狼ゲームが風習として残る村の物語を綴るアドベンチャーゲーム。ほぼ一本道、また絵柄が少し独特ですが、ストーリーがとにかく読ませます。活字中毒者にオススメ。
                    [abouturl] => https://jp.ign.com/raging-loop/21306/feature/adv7
                    [pic] => uploads/23216c213be02f1de31f1c827eabff1e9761bdf8.png
                    [user_id] => 4
                    [delete_flg] => 0
                    [create_date] => 2019-02-11 14:07:17
                    [update_date] => 2019-02-11 23:26:04
                )

            [18] => Array
                (
                    [id] => 26
                    [title] => レイジングループはめっちゃ時間盗みます
                    [category_id] => 10
                    [body] => 人狼ゲームが風習として残る村の物語を綴るアドベンチャーゲーム。ほぼ一本道、また絵柄が少し独特ですが、ストーリーがとにかく読ませます。活字中毒者にオススメ。
                    [abouturl] => https://jp.ign.com/raging-loop/21306/feature/adv7
                    [pic] => uploads/23216c213be02f1de31f1c827eabff1e9761bdf8.png
                    [user_id] => 4
                    [delete_flg] => 0
                    [create_date] => 2019-02-11 14:07:17
                    [update_date] => 2019-02-11 23:26:04
                )

            [19] => Array
                (
                    [id] => 25
                    [title] => レイジングループはめっちゃ時間盗みます
                    [category_id] => 10
                    [body] => 人狼ゲームが風習として残る村の物語を綴るアドベンチャーゲーム。ほぼ一本道、また絵柄が少し独特ですが、ストーリーがとにかく読ませます。活字中毒者にオススメ。
                    [abouturl] => https://jp.ign.com/raging-loop/21306/feature/adv7
                    [pic] => uploads/23216c213be02f1de31f1c827eabff1e9761bdf8.png
                    [user_id] => 4
                    [delete_flg] => 0
                    [create_date] => 2019-02-11 14:07:17
                    [update_date] => 2019-02-11 23:26:04
                )

        )

)

[05-Nov-2019 17:00:42 UTC] デバッグ:カテゴリー情報を取得します
[05-Nov-2019 17:00:42 UTC] デバッグ:クエリ成功
[05-Nov-2019 17:00:42 UTC] デバッグ:画面表示処理終了 <<<<<<<<<<<<<<<<<<<<<<<<<<<<<<<<<<<<<<<<<<<<<<<<
[05-Nov-2019 17:00:45 UTC] デバッグ:「「「「「「「「「「「「「「「「「「「「「「「「「「「「「「「「「「「「「「「「
[05-Nov-2019 17:00:45 UTC] デバッグ:「　トップページ　
[05-Nov-2019 17:00:45 UTC] デバッグ:「「「「「「「「「「「「「「「「「「「「「「「「「「「「「「「「「「「「「「「「
[05-Nov-2019 17:00:45 UTC] デバッグ:>>>>>>>>>>>>>>>>>>>>>>>>>>>>>>>>>>>>>>>>>>>>>>>> 画面表示処理開始
[05-Nov-2019 17:00:45 UTC] デバッグ:セッションID：blgac0hsbu8uasm2nserq6098h
[05-Nov-2019 17:00:45 UTC] デバッグ:セッション変数の中身：Array
(
    [login_date] => 1572973242
    [login_limit] => 2592000
    [user_id] => 7
    [msg_success] => 
)

[05-Nov-2019 17:00:45 UTC] デバッグ:現在日時タイムスタンプ：1572973245
[05-Nov-2019 17:00:45 UTC] デバッグ:ログイン期限日時タイムスタンプ：1575565242
[05-Nov-2019 17:00:45 UTC] デバッグ:ログイン済みユーザーです。
[05-Nov-2019 17:00:45 UTC] デバッグ:ログイン有効期限以内です。
[05-Nov-2019 17:00:45 UTC] デバッグ:検索ワードに一致するデータを取得します。
[05-Nov-2019 17:00:45 UTC] デバッグ:クエリ成功
[05-Nov-2019 17:00:45 UTC] デバッグ:検索でのクエリ結果情報です!!：PDOStatement Object
(
    [queryString] => SELECT * FROM reviews 
)

[05-Nov-2019 17:00:45 UTC] デバッグ:カテゴリー情報を取得します
[05-Nov-2019 17:00:45 UTC] デバッグ:クエリ成功
[05-Nov-2019 17:00:45 UTC] デバッグ:画面表示処理終了 <<<<<<<<<<<<<<<<<<<<<<<<<<<<<<<<<<<<<<<<<<<<<<<<
[05-Nov-2019 17:00:49 UTC] デバッグ:「「「「「「「「「「「「「「「「「「「「「「「「「「「「「「「「「「「「「「「「
[05-Nov-2019 17:00:49 UTC] デバッグ:「　トップページ　
[05-Nov-2019 17:00:49 UTC] デバッグ:「「「「「「「「「「「「「「「「「「「「「「「「「「「「「「「「「「「「「「「「
[05-Nov-2019 17:00:49 UTC] デバッグ:>>>>>>>>>>>>>>>>>>>>>>>>>>>>>>>>>>>>>>>>>>>>>>>> 画面表示処理開始
[05-Nov-2019 17:00:49 UTC] デバッグ:セッションID：iobnghin2usofgf3d6murg56ev
[05-Nov-2019 17:00:49 UTC] デバッグ:セッション変数の中身：Array
(
    [login_date] => 1572973245
    [login_limit] => 2592000
    [user_id] => 7
    [msg_success] => 
)

[05-Nov-2019 17:00:49 UTC] デバッグ:現在日時タイムスタンプ：1572973249
[05-Nov-2019 17:00:49 UTC] デバッグ:ログイン期限日時タイムスタンプ：1575565245
[05-Nov-2019 17:00:49 UTC] デバッグ:ログイン済みユーザーです。
[05-Nov-2019 17:00:49 UTC] デバッグ:ログイン有効期限以内です。
[05-Nov-2019 17:00:49 UTC] デバッグ:検索ワードに一致するデータを取得します。
[05-Nov-2019 17:00:49 UTC] デバッグ:クエリ成功
[05-Nov-2019 17:00:49 UTC] デバッグ:検索でのクエリ結果情報です!!：PDOStatement Object
(
    [queryString] => SELECT * FROM reviews  WHERE category_id = 1 AND category_id = 1
)

[05-Nov-2019 17:00:49 UTC] デバッグ:カテゴリー情報を取得します
[05-Nov-2019 17:00:49 UTC] デバッグ:クエリ成功
[05-Nov-2019 17:00:49 UTC] デバッグ:画面表示処理終了 <<<<<<<<<<<<<<<<<<<<<<<<<<<<<<<<<<<<<<<<<<<<<<<<
[05-Nov-2019 17:00:55 UTC] デバッグ:「「「「「「「「「「「「「「「「「「「「「「「「「「「「「「「「「「「「「「「「
[05-Nov-2019 17:00:55 UTC] デバッグ:「　トップページ　
[05-Nov-2019 17:00:55 UTC] デバッグ:「「「「「「「「「「「「「「「「「「「「「「「「「「「「「「「「「「「「「「「「
[05-Nov-2019 17:00:55 UTC] デバッグ:>>>>>>>>>>>>>>>>>>>>>>>>>>>>>>>>>>>>>>>>>>>>>>>> 画面表示処理開始
[05-Nov-2019 17:00:55 UTC] デバッグ:セッションID：h4dou9e8vkhi8h9bpsnigr3kj4
[05-Nov-2019 17:00:55 UTC] デバッグ:セッション変数の中身：Array
(
    [login_date] => 1572973249
    [login_limit] => 2592000
    [user_id] => 7
    [msg_success] => 
)

[05-Nov-2019 17:00:55 UTC] デバッグ:現在日時タイムスタンプ：1572973255
[05-Nov-2019 17:00:55 UTC] デバッグ:ログイン期限日時タイムスタンプ：1575565249
[05-Nov-2019 17:00:55 UTC] デバッグ:ログイン済みユーザーです。
[05-Nov-2019 17:00:55 UTC] デバッグ:ログイン有効期限以内です。
[05-Nov-2019 17:00:55 UTC] デバッグ:検索ワードに一致するデータを取得します。
[05-Nov-2019 17:00:55 UTC] デバッグ:クエリ成功
[05-Nov-2019 17:00:55 UTC] デバッグ:検索でのクエリ結果情報です!!：PDOStatement Object
(
    [queryString] => SELECT * FROM reviews WHERE (title LIKE '%セレステ%' OR body LIKE '%セレステ%') 
)

[05-Nov-2019 17:00:55 UTC] デバッグ:カテゴリー情報を取得します
[05-Nov-2019 17:00:55 UTC] デバッグ:クエリ成功
[05-Nov-2019 17:00:55 UTC] デバッグ:画面表示処理終了 <<<<<<<<<<<<<<<<<<<<<<<<<<<<<<<<<<<<<<<<<<<<<<<<
[05-Nov-2019 17:01:01 UTC] デバッグ:「「「「「「「「「「「「「「「「「「「「「「「「「「「「「「「「「「「「「「「「
[05-Nov-2019 17:01:01 UTC] デバッグ:「　トップページ　
[05-Nov-2019 17:01:01 UTC] デバッグ:「「「「「「「「「「「「「「「「「「「「「「「「「「「「「「「「「「「「「「「「
[05-Nov-2019 17:01:01 UTC] デバッグ:>>>>>>>>>>>>>>>>>>>>>>>>>>>>>>>>>>>>>>>>>>>>>>>> 画面表示処理開始
[05-Nov-2019 17:01:01 UTC] デバッグ:セッションID：n1pc808nfarfojhb42ilc054rg
[05-Nov-2019 17:01:01 UTC] デバッグ:セッション変数の中身：Array
(
    [login_date] => 1572973255
    [login_limit] => 2592000
    [user_id] => 7
    [msg_success] => 
)

[05-Nov-2019 17:01:01 UTC] デバッグ:現在日時タイムスタンプ：1572973261
[05-Nov-2019 17:01:01 UTC] デバッグ:ログイン期限日時タイムスタンプ：1575565255
[05-Nov-2019 17:01:01 UTC] デバッグ:ログイン済みユーザーです。
[05-Nov-2019 17:01:01 UTC] デバッグ:ログイン有効期限以内です。
[05-Nov-2019 17:01:01 UTC] デバッグ:検索ワードに一致するデータを取得します。
[05-Nov-2019 17:01:01 UTC] デバッグ:クエリ成功
[05-Nov-2019 17:01:01 UTC] デバッグ:検索でのクエリ結果情報です!!：PDOStatement Object
(
    [queryString] => SELECT * FROM reviews WHERE (title LIKE '%スネーク%' OR body LIKE '%スネーク%') 
)

[05-Nov-2019 17:01:01 UTC] デバッグ:カテゴリー情報を取得します
[05-Nov-2019 17:01:01 UTC] デバッグ:クエリ成功
[05-Nov-2019 17:01:01 UTC] デバッグ:画面表示処理終了 <<<<<<<<<<<<<<<<<<<<<<<<<<<<<<<<<<<<<<<<<<<<<<<<
[05-Nov-2019 17:01:12 UTC] デバッグ:「「「「「「「「「「「「「「「「「「「「「「「「「「「「「「「「「「「「「「「「
[05-Nov-2019 17:01:12 UTC] デバッグ:「　トップページ　
[05-Nov-2019 17:01:12 UTC] デバッグ:「「「「「「「「「「「「「「「「「「「「「「「「「「「「「「「「「「「「「「「「
[05-Nov-2019 17:01:12 UTC] デバッグ:>>>>>>>>>>>>>>>>>>>>>>>>>>>>>>>>>>>>>>>>>>>>>>>> 画面表示処理開始
[05-Nov-2019 17:01:12 UTC] デバッグ:セッションID：k6n0b8lr4mja29eaqdbqn6sldp
[05-Nov-2019 17:01:12 UTC] デバッグ:セッション変数の中身：Array
(
    [login_date] => 1572973261
    [login_limit] => 2592000
    [user_id] => 7
    [msg_success] => 
)

[05-Nov-2019 17:01:12 UTC] デバッグ:現在日時タイムスタンプ：1572973272
[05-Nov-2019 17:01:12 UTC] デバッグ:ログイン期限日時タイムスタンプ：1575565261
[05-Nov-2019 17:01:12 UTC] デバッグ:ログイン済みユーザーです。
[05-Nov-2019 17:01:12 UTC] デバッグ:ログイン有効期限以内です。
[05-Nov-2019 17:01:12 UTC] デバッグ:検索ワードに一致するデータを取得します。
[05-Nov-2019 17:01:12 UTC] デバッグ:クエリ成功
[05-Nov-2019 17:01:12 UTC] デバッグ:検索でのクエリ結果情報です!!：PDOStatement Object
(
    [queryString] => SELECT * FROM reviews  WHERE category_id = 1 AND category_id = 1
)

[05-Nov-2019 17:01:12 UTC] デバッグ:カテゴリー情報を取得します
[05-Nov-2019 17:01:12 UTC] デバッグ:クエリ成功
[05-Nov-2019 17:01:12 UTC] デバッグ:画面表示処理終了 <<<<<<<<<<<<<<<<<<<<<<<<<<<<<<<<<<<<<<<<<<<<<<<<
[05-Nov-2019 17:01:19 UTC] デバッグ:「「「「「「「「「「「「「「「「「「「「「「「「「「「「「「「「「「「「「「「「
[05-Nov-2019 17:01:19 UTC] デバッグ:「　トップページ　
[05-Nov-2019 17:01:19 UTC] デバッグ:「「「「「「「「「「「「「「「「「「「「「「「「「「「「「「「「「「「「「「「「
[05-Nov-2019 17:01:19 UTC] デバッグ:>>>>>>>>>>>>>>>>>>>>>>>>>>>>>>>>>>>>>>>>>>>>>>>> 画面表示処理開始
[05-Nov-2019 17:01:19 UTC] デバッグ:セッションID：5l6u4trfjd8faponutani1dj4i
[05-Nov-2019 17:01:19 UTC] デバッグ:セッション変数の中身：Array
(
    [login_date] => 1572973272
    [login_limit] => 2592000
    [user_id] => 7
    [msg_success] => 
)

[05-Nov-2019 17:01:19 UTC] デバッグ:現在日時タイムスタンプ：1572973279
[05-Nov-2019 17:01:19 UTC] デバッグ:ログイン期限日時タイムスタンプ：1575565272
[05-Nov-2019 17:01:19 UTC] デバッグ:ログイン済みユーザーです。
[05-Nov-2019 17:01:19 UTC] デバッグ:ログイン有効期限以内です。
[05-Nov-2019 17:01:19 UTC] デバッグ:検索ワードに一致するデータを取得します。
[05-Nov-2019 17:01:19 UTC] デバッグ:クエリ成功
[05-Nov-2019 17:01:19 UTC] デバッグ:検索でのクエリ結果情報です!!：PDOStatement Object
(
    [queryString] => SELECT * FROM reviews WHERE (title LIKE '%dead%' OR body LIKE '%dead%')  AND category_id = 1 AND category_id = 1
)

[05-Nov-2019 17:01:19 UTC] デバッグ:カテゴリー情報を取得します
[05-Nov-2019 17:01:19 UTC] デバッグ:クエリ成功
[05-Nov-2019 17:01:19 UTC] デバッグ:画面表示処理終了 <<<<<<<<<<<<<<<<<<<<<<<<<<<<<<<<<<<<<<<<<<<<<<<<
[05-Nov-2019 17:01:23 UTC] デバッグ:「「「「「「「「「「「「「「「「「「「「「「「「「「「「「「「「「「「「「「「「
[05-Nov-2019 17:01:23 UTC] デバッグ:「　トップページ　
[05-Nov-2019 17:01:23 UTC] デバッグ:「「「「「「「「「「「「「「「「「「「「「「「「「「「「「「「「「「「「「「「「
[05-Nov-2019 17:01:23 UTC] デバッグ:>>>>>>>>>>>>>>>>>>>>>>>>>>>>>>>>>>>>>>>>>>>>>>>> 画面表示処理開始
[05-Nov-2019 17:01:23 UTC] デバッグ:セッションID：65l74datr08nq2ad7qg3rmnr1u
[05-Nov-2019 17:01:23 UTC] デバッグ:セッション変数の中身：Array
(
    [login_date] => 1572973279
    [login_limit] => 2592000
    [user_id] => 7
    [msg_success] => 
)

[05-Nov-2019 17:01:23 UTC] デバッグ:現在日時タイムスタンプ：1572973283
[05-Nov-2019 17:01:23 UTC] デバッグ:ログイン期限日時タイムスタンプ：1575565279
[05-Nov-2019 17:01:23 UTC] デバッグ:ログイン済みユーザーです。
[05-Nov-2019 17:01:23 UTC] デバッグ:ログイン有効期限以内です。
[05-Nov-2019 17:01:23 UTC] デバッグ:ログイン有無に関わらず、top用のpostを検索します
[06-Nov-2019 02:01:23 Asia/Tokyo] デバッグ:3日前2019-11-03 02:01:23
[05-Nov-2019 17:01:45 UTC] デバッグ:「「「「「「「「「「「「「「「「「「「「「「「「「「「「「「「「「「「「「「「「
[05-Nov-2019 17:01:45 UTC] デバッグ:「　トップページ　
[05-Nov-2019 17:01:45 UTC] デバッグ:「「「「「「「「「「「「「「「「「「「「「「「「「「「「「「「「「「「「「「「「
[05-Nov-2019 17:01:45 UTC] デバッグ:>>>>>>>>>>>>>>>>>>>>>>>>>>>>>>>>>>>>>>>>>>>>>>>> 画面表示処理開始
[05-Nov-2019 17:01:45 UTC] デバッグ:セッションID：0a26612aca869steikmar4g9pj
[05-Nov-2019 17:01:45 UTC] デバッグ:セッション変数の中身：Array
(
    [login_date] => 1572973283
    [login_limit] => 2592000
    [user_id] => 7
    [msg_success] => 
)

[05-Nov-2019 17:01:45 UTC] デバッグ:現在日時タイムスタンプ：1572973305
[05-Nov-2019 17:01:45 UTC] デバッグ:ログイン期限日時タイムスタンプ：1575565283
[05-Nov-2019 17:01:45 UTC] デバッグ:ログイン済みユーザーです。
[05-Nov-2019 17:01:45 UTC] デバッグ:ログイン有効期限以内です。
[05-Nov-2019 17:01:45 UTC] デバッグ:レビュー情報一覧を取得します
[05-Nov-2019 17:01:45 UTC] デバッグ:クエリ成功
[05-Nov-2019 17:01:45 UTC] デバッグ:SQL文章:SELECT * FROM reviews ORDER BY id desc LIMIT 20 OFFSET 0
[05-Nov-2019 17:01:45 UTC] デバッグ:クエリ成功
[05-Nov-2019 17:01:45 UTC] デバッグ:$resultの中身Array
(
    [total] => 40
    [total_page] => 2
    [data] => Array
        (
            [0] => Array
                (
                    [id] => 44
                    [title] => 楽しみなゲーム/into the breach
                    [category_id] => 9
                    [body] => テスト投稿。
                    [abouturl] => 
                    [pic] => uploads/90b78c06788797e9990fb297234ad1a3be363d1c.png
                    [user_id] => 7
                    [delete_flg] => 0
                    [create_date] => 2019-10-31 16:55:07
                    [update_date] => 2019-11-01 01:55:07
                )

            [1] => Array
                (
                    [id] => 43
                    [title] => テストその２
                    [category_id] => 0
                    [body] => テストその２
                    [abouturl] => 
                    [pic] => uploads/d4e5227caf3544783abaf66518a1a8ddc051c0fa.png
                    [user_id] => 7
                    [delete_flg] => 0
                    [create_date] => 2019-04-07 04:01:42
                    [update_date] => 2019-04-07 13:01:42
                )

            [2] => Array
                (
                    [id] => 42
                    [title] => テストアクションゲーム
                    [category_id] => 1
                    [body] => アクションゲームですよね。
アクションゲームですよね。
骨太アクションゲームです。
ムズかしいです。
                    [abouturl] => 
                    [pic] => 
                    [user_id] => 7
                    [delete_flg] => 0
                    [create_date] => 2019-04-07 03:51:01
                    [update_date] => 2019-04-07 12:51:01
                )

            [3] => Array
                (
                    [id] => 41
                    [title] => 寿司ストライカーで指トレ
                    [category_id] => 2
                    [body] => 寿司を食いまくります。連打、操作しまくるパズルアクション。
                    [abouturl] => 
                    [pic] => uploads/806219e4a1adfe1be9d2e466ab684b5f0aebefe4.jpeg
                    [user_id] => 7
                    [delete_flg] => 0
                    [create_date] => 2019-03-03 14:44:48
                    [update_date] => 2019-03-03 23:44:49
                )

            [4] => Array
                (
                    [id] => 40
                    [title] => スネークパスやってみてえ
                    [category_id] => 2
                    [body] => 蛇を操作するアクションゲーム。操作感覚が独特で、蛇っぽい感じになるらしい。
                    [abouturl] => https://kentworld-blog.com/archives/snakepass-review.html
                    [pic] => uploads/8dc81226abec4b9d138e99619ad3f4a2f1d35676.png
                    [user_id] => 4
                    [delete_flg] => 0
                    [create_date] => 2019-02-11 14:12:17
                    [update_date] => 2019-02-11 23:26:13
                )

            [5] => Array
                (
                    [id] => 39
                    [title] => スネークパスやってみてえ
                    [category_id] => 2
                    [body] => 蛇を操作するアクションゲーム。操作感覚が独特で、蛇っぽい感じになるらしい。
                    [abouturl] => https://kentworld-blog.com/archives/snakepass-review.html
                    [pic] => uploads/8dc81226abec4b9d138e99619ad3f4a2f1d35676.png
                    [user_id] => 4
                    [delete_flg] => 0
                    [create_date] => 2019-02-11 14:12:17
                    [update_date] => 2019-02-11 23:26:13
                )

            [6] => Array
                (
                    [id] => 38
                    [title] => スネークパスやってみてえ
                    [category_id] => 2
                    [body] => 蛇を操作するアクションゲーム。操作感覚が独特で、蛇っぽい感じになるらしい。
                    [abouturl] => https://kentworld-blog.com/archives/snakepass-review.html
                    [pic] => uploads/8dc81226abec4b9d138e99619ad3f4a2f1d35676.png
                    [user_id] => 4
                    [delete_flg] => 0
                    [create_date] => 2019-02-11 14:12:17
                    [update_date] => 2019-02-11 23:26:13
                )

            [7] => Array
                (
                    [id] => 37
                    [title] => スネークパスやってみてえ
                    [category_id] => 2
                    [body] => 蛇を操作するアクションゲーム。操作感覚が独特で、蛇っぽい感じになるらしい。
                    [abouturl] => https://kentworld-blog.com/archives/snakepass-review.html
                    [pic] => uploads/8dc81226abec4b9d138e99619ad3f4a2f1d35676.png
                    [user_id] => 4
                    [delete_flg] => 0
                    [create_date] => 2019-02-11 14:12:17
                    [update_date] => 2019-02-11 23:26:13
                )

            [8] => Array
                (
                    [id] => 36
                    [title] => スネークパスやってみてえ
                    [category_id] => 2
                    [body] => 蛇を操作するアクションゲーム。操作感覚が独特で、蛇っぽい感じになるらしい。
                    [abouturl] => https://kentworld-blog.com/archives/snakepass-review.html
                    [pic] => uploads/8dc81226abec4b9d138e99619ad3f4a2f1d35676.png
                    [user_id] => 4
                    [delete_flg] => 0
                    [create_date] => 2019-02-11 14:12:17
                    [update_date] => 2019-02-11 23:26:13
                )

            [9] => Array
                (
                    [id] => 35
                    [title] => スネークパスやってみてえ
                    [category_id] => 2
                    [body] => 蛇を操作するアクションゲーム。操作感覚が独特で、蛇っぽい感じになるらしい。
                    [abouturl] => https://kentworld-blog.com/archives/snakepass-review.html
                    [pic] => uploads/8dc81226abec4b9d138e99619ad3f4a2f1d35676.png
                    [user_id] => 4
                    [delete_flg] => 0
                    [create_date] => 2019-02-11 14:12:17
                    [update_date] => 2019-02-11 23:26:13
                )

            [10] => Array
                (
                    [id] => 34
                    [title] => テストです。
                    [category_id] => 2
                    [body] => ゆるゆるとしたアクション。
                    [abouturl] => 
                    [pic] => 
                    [user_id] => 7
                    [delete_flg] => 0
                    [create_date] => 2019-02-25 04:36:59
                    [update_date] => 2019-02-25 13:36:59
                )

            [11] => Array
                (
                    [id] => 33
                    [title] => レイジングループはめっちゃ時間盗みます
                    [category_id] => 10
                    [body] => 人狼ゲームが風習として残る村の物語を綴るアドベンチャーゲーム。ほぼ一本道、また絵柄が少し独特ですが、ストーリーがとにかく読ませます。活字中毒者にオススメ。
                    [abouturl] => https://jp.ign.com/raging-loop/21306/feature/adv7
                    [pic] => uploads/23216c213be02f1de31f1c827eabff1e9761bdf8.png
                    [user_id] => 4
                    [delete_flg] => 0
                    [create_date] => 2019-02-11 14:07:17
                    [update_date] => 2019-02-11 23:26:04
                )

            [12] => Array
                (
                    [id] => 32
                    [title] => レイジングループはめっちゃ時間盗みます
                    [category_id] => 10
                    [body] => 人狼ゲームが風習として残る村の物語を綴るアドベンチャーゲーム。ほぼ一本道、また絵柄が少し独特ですが、ストーリーがとにかく読ませます。活字中毒者にオススメ。
                    [abouturl] => https://jp.ign.com/raging-loop/21306/feature/adv7
                    [pic] => uploads/23216c213be02f1de31f1c827eabff1e9761bdf8.png
                    [user_id] => 4
                    [delete_flg] => 0
                    [create_date] => 2019-02-11 14:07:17
                    [update_date] => 2019-02-11 23:26:04
                )

            [13] => Array
                (
                    [id] => 31
                    [title] => レイジングループはめっちゃ時間盗みます
                    [category_id] => 10
                    [body] => 人狼ゲームが風習として残る村の物語を綴るアドベンチャーゲーム。ほぼ一本道、また絵柄が少し独特ですが、ストーリーがとにかく読ませます。活字中毒者にオススメ。
                    [abouturl] => https://jp.ign.com/raging-loop/21306/feature/adv7
                    [pic] => uploads/23216c213be02f1de31f1c827eabff1e9761bdf8.png
                    [user_id] => 4
                    [delete_flg] => 0
                    [create_date] => 2019-02-11 14:07:17
                    [update_date] => 2019-02-11 23:26:04
                )

            [14] => Array
                (
                    [id] => 30
                    [title] => レイジングループはめっちゃ時間盗みます
                    [category_id] => 10
                    [body] => 人狼ゲームが風習として残る村の物語を綴るアドベンチャーゲーム。ほぼ一本道、また絵柄が少し独特ですが、ストーリーがとにかく読ませます。活字中毒者にオススメ。
                    [abouturl] => https://jp.ign.com/raging-loop/21306/feature/adv7
                    [pic] => uploads/23216c213be02f1de31f1c827eabff1e9761bdf8.png
                    [user_id] => 4
                    [delete_flg] => 0
                    [create_date] => 2019-02-11 14:07:17
                    [update_date] => 2019-02-11 23:26:04
                )

            [15] => Array
                (
                    [id] => 29
                    [title] => レイジングループはめっちゃ時間盗みます
                    [category_id] => 10
                    [body] => 人狼ゲームが風習として残る村の物語を綴るアドベンチャーゲーム。ほぼ一本道、また絵柄が少し独特ですが、ストーリーがとにかく読ませます。活字中毒者にオススメ。
                    [abouturl] => https://jp.ign.com/raging-loop/21306/feature/adv7
                    [pic] => uploads/23216c213be02f1de31f1c827eabff1e9761bdf8.png
                    [user_id] => 4
                    [delete_flg] => 0
                    [create_date] => 2019-02-11 14:07:17
                    [update_date] => 2019-02-11 23:26:04
                )

            [16] => Array
                (
                    [id] => 28
                    [title] => レイジングループはめっちゃ時間盗みます
                    [category_id] => 10
                    [body] => 人狼ゲームが風習として残る村の物語を綴るアドベンチャーゲーム。ほぼ一本道、また絵柄が少し独特ですが、ストーリーがとにかく読ませます。活字中毒者にオススメ。
                    [abouturl] => https://jp.ign.com/raging-loop/21306/feature/adv7
                    [pic] => uploads/23216c213be02f1de31f1c827eabff1e9761bdf8.png
                    [user_id] => 4
                    [delete_flg] => 0
                    [create_date] => 2019-02-11 14:07:17
                    [update_date] => 2019-02-11 23:26:04
                )

            [17] => Array
                (
                    [id] => 27
                    [title] => レイジングループはめっちゃ時間盗みます
                    [category_id] => 10
                    [body] => 人狼ゲームが風習として残る村の物語を綴るアドベンチャーゲーム。ほぼ一本道、また絵柄が少し独特ですが、ストーリーがとにかく読ませます。活字中毒者にオススメ。
                    [abouturl] => https://jp.ign.com/raging-loop/21306/feature/adv7
                    [pic] => uploads/23216c213be02f1de31f1c827eabff1e9761bdf8.png
                    [user_id] => 4
                    [delete_flg] => 0
                    [create_date] => 2019-02-11 14:07:17
                    [update_date] => 2019-02-11 23:26:04
                )

            [18] => Array
                (
                    [id] => 26
                    [title] => レイジングループはめっちゃ時間盗みます
                    [category_id] => 10
                    [body] => 人狼ゲームが風習として残る村の物語を綴るアドベンチャーゲーム。ほぼ一本道、また絵柄が少し独特ですが、ストーリーがとにかく読ませます。活字中毒者にオススメ。
                    [abouturl] => https://jp.ign.com/raging-loop/21306/feature/adv7
                    [pic] => uploads/23216c213be02f1de31f1c827eabff1e9761bdf8.png
                    [user_id] => 4
                    [delete_flg] => 0
                    [create_date] => 2019-02-11 14:07:17
                    [update_date] => 2019-02-11 23:26:04
                )

            [19] => Array
                (
                    [id] => 25
                    [title] => レイジングループはめっちゃ時間盗みます
                    [category_id] => 10
                    [body] => 人狼ゲームが風習として残る村の物語を綴るアドベンチャーゲーム。ほぼ一本道、また絵柄が少し独特ですが、ストーリーがとにかく読ませます。活字中毒者にオススメ。
                    [abouturl] => https://jp.ign.com/raging-loop/21306/feature/adv7
                    [pic] => uploads/23216c213be02f1de31f1c827eabff1e9761bdf8.png
                    [user_id] => 4
                    [delete_flg] => 0
                    [create_date] => 2019-02-11 14:07:17
                    [update_date] => 2019-02-11 23:26:04
                )

        )

)

[05-Nov-2019 17:01:45 UTC] デバッグ:カテゴリー情報を取得します
[05-Nov-2019 17:01:45 UTC] デバッグ:クエリ成功
[05-Nov-2019 17:01:46 UTC] デバッグ:画面表示処理終了 <<<<<<<<<<<<<<<<<<<<<<<<<<<<<<<<<<<<<<<<<<<<<<<<
[05-Nov-2019 17:01:52 UTC] デバッグ:「「「「「「「「「「「「「「「「「「「「「「「「「「「「「「「「「「「「「「「「
[05-Nov-2019 17:01:52 UTC] デバッグ:「　トップページ　
[05-Nov-2019 17:01:52 UTC] デバッグ:「「「「「「「「「「「「「「「「「「「「「「「「「「「「「「「「「「「「「「「「
[05-Nov-2019 17:01:53 UTC] デバッグ:>>>>>>>>>>>>>>>>>>>>>>>>>>>>>>>>>>>>>>>>>>>>>>>> 画面表示処理開始
[05-Nov-2019 17:01:54 UTC] デバッグ:セッションID：rcujsvoq4ihr2ukh70it0smuv5
[05-Nov-2019 17:01:55 UTC] デバッグ:セッション変数の中身：Array
(
    [login_date] => 1572973305
    [login_limit] => 2592000
    [user_id] => 7
    [msg_success] => 
)

[05-Nov-2019 17:01:56 UTC] デバッグ:現在日時タイムスタンプ：1572973316
[05-Nov-2019 17:01:56 UTC] デバッグ:ログイン期限日時タイムスタンプ：1575565305
[05-Nov-2019 17:01:56 UTC] デバッグ:ログイン済みユーザーです。
[05-Nov-2019 17:01:56 UTC] デバッグ:ログイン有効期限以内です。
[05-Nov-2019 17:01:56 UTC] デバッグ:検索ワードに一致するデータを取得します。
[05-Nov-2019 17:01:56 UTC] デバッグ:クエリ成功
[05-Nov-2019 17:01:57 UTC] デバッグ:検索でのクエリ結果情報です!!：PDOStatement Object
(
    [queryString] => SELECT * FROM reviews 
)

[05-Nov-2019 17:01:57 UTC] デバッグ:カテゴリー情報を取得します
[05-Nov-2019 17:01:57 UTC] デバッグ:クエリ成功
[05-Nov-2019 17:01:57 UTC] デバッグ:画面表示処理終了 <<<<<<<<<<<<<<<<<<<<<<<<<<<<<<<<<<<<<<<<<<<<<<<<
[05-Nov-2019 17:03:17 UTC] デバッグ:「「「「「「「「「「「「「「「「「「「「「「「「「「「「「「「「「「「「「「「「
[05-Nov-2019 17:03:17 UTC] デバッグ:「　トップページ　
[05-Nov-2019 17:03:17 UTC] デバッグ:「「「「「「「「「「「「「「「「「「「「「「「「「「「「「「「「「「「「「「「「
[05-Nov-2019 17:03:17 UTC] デバッグ:>>>>>>>>>>>>>>>>>>>>>>>>>>>>>>>>>>>>>>>>>>>>>>>> 画面表示処理開始
[05-Nov-2019 17:03:17 UTC] デバッグ:セッションID：gvt9sui3oqqj1aj4iji78r6sdu
[05-Nov-2019 17:03:17 UTC] デバッグ:セッション変数の中身：Array
(
    [login_date] => 1572973316
    [login_limit] => 2592000
    [user_id] => 7
    [msg_success] => 
)

[05-Nov-2019 17:03:17 UTC] デバッグ:現在日時タイムスタンプ：1572973397
[05-Nov-2019 17:03:17 UTC] デバッグ:ログイン期限日時タイムスタンプ：1575565316
[05-Nov-2019 17:03:17 UTC] デバッグ:ログイン済みユーザーです。
[05-Nov-2019 17:03:17 UTC] デバッグ:ログイン有効期限以内です。
[05-Nov-2019 17:03:17 UTC] デバッグ:検索ワードに一致するデータを取得します。
[05-Nov-2019 17:03:17 UTC] デバッグ:クエリ成功
[05-Nov-2019 17:03:17 UTC] デバッグ:検索でのクエリ結果情報です!!：PDOStatement Object
(
    [queryString] => SELECT * FROM reviews WHERE (title LIKE '%スネーク%' OR body LIKE '%スネーク%') 
)

[05-Nov-2019 17:03:17 UTC] デバッグ:カテゴリー情報を取得します
[05-Nov-2019 17:03:17 UTC] デバッグ:クエリ成功
[05-Nov-2019 17:03:17 UTC] デバッグ:画面表示処理終了 <<<<<<<<<<<<<<<<<<<<<<<<<<<<<<<<<<<<<<<<<<<<<<<<
[05-Nov-2019 17:03:43 UTC] デバッグ:「「「「「「「「「「「「「「「「「「「「「「「「「「「「「「「「「「「「「「「「
[05-Nov-2019 17:03:43 UTC] デバッグ:「　トップページ　
[05-Nov-2019 17:03:43 UTC] デバッグ:「「「「「「「「「「「「「「「「「「「「「「「「「「「「「「「「「「「「「「「「
[05-Nov-2019 17:03:43 UTC] デバッグ:>>>>>>>>>>>>>>>>>>>>>>>>>>>>>>>>>>>>>>>>>>>>>>>> 画面表示処理開始
[05-Nov-2019 17:03:43 UTC] デバッグ:セッションID：bdb6jqdbudl0hajac0vtibrbuq
[05-Nov-2019 17:03:43 UTC] デバッグ:セッション変数の中身：Array
(
    [login_date] => 1572973397
    [login_limit] => 2592000
    [user_id] => 7
    [msg_success] => 
)

[05-Nov-2019 17:03:43 UTC] デバッグ:現在日時タイムスタンプ：1572973423
[05-Nov-2019 17:03:43 UTC] デバッグ:ログイン期限日時タイムスタンプ：1575565397
[05-Nov-2019 17:03:43 UTC] デバッグ:ログイン済みユーザーです。
[05-Nov-2019 17:03:43 UTC] デバッグ:ログイン有効期限以内です。
[05-Nov-2019 17:03:43 UTC] デバッグ:検索ワードに一致するデータを取得します。
[05-Nov-2019 17:03:43 UTC] デバッグ:クエリ成功
[05-Nov-2019 17:03:43 UTC] デバッグ:検索でのクエリ結果情報です!!：PDOStatement Object
(
    [queryString] => SELECT * FROM reviews  WHERE category_id = 1 AND category_id = 1
)

[05-Nov-2019 17:03:43 UTC] デバッグ:カテゴリー情報を取得します
[05-Nov-2019 17:03:43 UTC] デバッグ:クエリ成功
[05-Nov-2019 17:03:43 UTC] デバッグ:画面表示処理終了 <<<<<<<<<<<<<<<<<<<<<<<<<<<<<<<<<<<<<<<<<<<<<<<<
[05-Nov-2019 17:04:01 UTC] デバッグ:「「「「「「「「「「「「「「「「「「「「「「「「「「「「「「「「「「「「「「「「
[05-Nov-2019 17:04:01 UTC] デバッグ:「　トップページ　
[05-Nov-2019 17:04:01 UTC] デバッグ:「「「「「「「「「「「「「「「「「「「「「「「「「「「「「「「「「「「「「「「「
[05-Nov-2019 17:04:01 UTC] デバッグ:>>>>>>>>>>>>>>>>>>>>>>>>>>>>>>>>>>>>>>>>>>>>>>>> 画面表示処理開始
[05-Nov-2019 17:04:01 UTC] デバッグ:セッションID：kvh4ti6cpng69v84im76ju52pa
[05-Nov-2019 17:04:01 UTC] デバッグ:セッション変数の中身：Array
(
    [login_date] => 1572973423
    [login_limit] => 2592000
    [user_id] => 7
    [msg_success] => 
)

[05-Nov-2019 17:04:01 UTC] デバッグ:現在日時タイムスタンプ：1572973441
[05-Nov-2019 17:04:01 UTC] デバッグ:ログイン期限日時タイムスタンプ：1575565423
[05-Nov-2019 17:04:01 UTC] デバッグ:ログイン済みユーザーです。
[05-Nov-2019 17:04:01 UTC] デバッグ:ログイン有効期限以内です。
[05-Nov-2019 17:04:01 UTC] デバッグ:検索ワードに一致するデータを取得します。
[05-Nov-2019 17:04:01 UTC] デバッグ:クエリ成功
[05-Nov-2019 17:04:01 UTC] デバッグ:検索でのクエリ結果情報です!!：PDOStatement Object
(
    [queryString] => SELECT * FROM reviews WHERE (title LIKE '%dead%' OR body LIKE '%dead%')  AND category_id = 1 AND category_id = 1
)

[05-Nov-2019 17:04:01 UTC] デバッグ:カテゴリー情報を取得します
[05-Nov-2019 17:04:01 UTC] デバッグ:クエリ成功
[05-Nov-2019 17:04:01 UTC] デバッグ:画面表示処理終了 <<<<<<<<<<<<<<<<<<<<<<<<<<<<<<<<<<<<<<<<<<<<<<<<
